2025-12-30 07:21:56,437:WARNING:
'cuml' is a soft dependency and not included in the pycaret installation. Please run: `pip install cuml` to install.
2025-12-30 07:21:56,437:WARNING:
'cuml' is a soft dependency and not included in the pycaret installation. Please run: `pip install cuml` to install.
2025-12-30 07:21:56,437:WARNING:
'cuml' is a soft dependency and not included in the pycaret installation. Please run: `pip install cuml` to install.
2025-12-30 07:21:56,437:WARNING:
'cuml' is a soft dependency and not included in the pycaret installation. Please run: `pip install cuml` to install.
2025-12-30 07:21:59,202:INFO:PyCaret RegressionExperiment
2025-12-30 07:21:59,202:INFO:Logging name: reg-default-name
2025-12-30 07:21:59,202:INFO:ML Usecase: MLUsecase.REGRESSION
2025-12-30 07:21:59,202:INFO:version 3.3.2
2025-12-30 07:21:59,202:INFO:Initializing setup()
2025-12-30 07:21:59,202:INFO:self.USI: 1dd2
2025-12-30 07:21:59,202:INFO:self._variable_keys: {'gpu_n_jobs_param', 'fold_groups_param', 'X_test', 'fold_shuffle_param', 'X_train', 'USI', 'data', 'y_train', '_available_plots', 'logging_param', 'transform_target_param', 'target_param', 'idx', 'exp_id', 'X', 'seed', 'fold_generator', '_ml_usecase', 'html_param', 'log_plots_param', 'y_test', 'pipeline', 'y', 'gpu_param', 'exp_name_log', 'memory', 'n_jobs_param'}
2025-12-30 07:21:59,203:INFO:Checking environment
2025-12-30 07:21:59,203:INFO:python_version: 3.11.14
2025-12-30 07:21:59,203:INFO:python_build: ('main', 'Dec 30 2025 00:42:31')
2025-12-30 07:21:59,203:INFO:machine: x86_64
2025-12-30 07:21:59,203:INFO:platform: Linux-6.14.0-37-generic-x86_64-with-glibc2.41
2025-12-30 07:21:59,203:INFO:Memory: svmem(total=16627441664, available=6236078080, percent=62.5, used=10391363584, free=412405760, active=2500820992, inactive=11963072512, buffers=374808576, cached=6992314368, shared=882454528, slab=975687680)
2025-12-30 07:21:59,204:INFO:Physical Core: 4
2025-12-30 07:21:59,204:INFO:Logical Core: 8
2025-12-30 07:21:59,204:INFO:Checking libraries
2025-12-30 07:21:59,204:INFO:System:
2025-12-30 07:21:59,204:INFO:    python: 3.11.14 (main, Dec 30 2025, 00:42:31) [GCC 14.2.0]
2025-12-30 07:21:59,204:INFO:executable: /usr/local/bin/python3.11
2025-12-30 07:21:59,204:INFO:   machine: Linux-6.14.0-37-generic-x86_64-with-glibc2.41
2025-12-30 07:21:59,204:INFO:PyCaret required dependencies:
2025-12-30 07:21:59,237:INFO:                 pip: 24.0
2025-12-30 07:21:59,237:INFO:          setuptools: 79.0.1
2025-12-30 07:21:59,237:INFO:             pycaret: 3.3.2
2025-12-30 07:21:59,237:INFO:             IPython: 9.8.0
2025-12-30 07:21:59,237:INFO:          ipywidgets: 8.1.8
2025-12-30 07:21:59,237:INFO:                tqdm: 4.67.1
2025-12-30 07:21:59,237:INFO:               numpy: 1.26.4
2025-12-30 07:21:59,237:INFO:              pandas: 2.1.4
2025-12-30 07:21:59,237:INFO:              jinja2: 3.1.6
2025-12-30 07:21:59,237:INFO:               scipy: 1.11.4
2025-12-30 07:21:59,237:INFO:              joblib: 1.3.2
2025-12-30 07:21:59,237:INFO:             sklearn: 1.4.2
2025-12-30 07:21:59,237:INFO:                pyod: 2.0.6
2025-12-30 07:21:59,237:INFO:            imblearn: 0.14.1
2025-12-30 07:21:59,237:INFO:   category_encoders: 2.7.0
2025-12-30 07:21:59,237:INFO:            lightgbm: 4.6.0
2025-12-30 07:21:59,237:INFO:               numba: 0.63.1
2025-12-30 07:21:59,237:INFO:            requests: 2.32.5
2025-12-30 07:21:59,237:INFO:          matplotlib: 3.7.5
2025-12-30 07:21:59,237:INFO:          scikitplot: 0.3.7
2025-12-30 07:21:59,237:INFO:         yellowbrick: 1.5
2025-12-30 07:21:59,237:INFO:              plotly: 6.5.0
2025-12-30 07:21:59,237:INFO:    plotly-resampler: Not installed
2025-12-30 07:21:59,238:INFO:             kaleido: 1.2.0
2025-12-30 07:21:59,238:INFO:           schemdraw: 0.15
2025-12-30 07:21:59,238:INFO:         statsmodels: 0.14.6
2025-12-30 07:21:59,238:INFO:              sktime: 0.26.0
2025-12-30 07:21:59,238:INFO:               tbats: 1.1.3
2025-12-30 07:21:59,238:INFO:            pmdarima: 2.0.4
2025-12-30 07:21:59,238:INFO:              psutil: 7.2.1
2025-12-30 07:21:59,238:INFO:          markupsafe: 3.0.3
2025-12-30 07:21:59,238:INFO:             pickle5: Not installed
2025-12-30 07:21:59,238:INFO:         cloudpickle: 3.1.2
2025-12-30 07:21:59,238:INFO:         deprecation: 2.1.0
2025-12-30 07:21:59,238:INFO:              xxhash: 3.6.0
2025-12-30 07:21:59,238:INFO:           wurlitzer: 3.1.1
2025-12-30 07:21:59,238:INFO:PyCaret optional dependencies:
2025-12-30 07:21:59,248:INFO:                shap: Not installed
2025-12-30 07:21:59,248:INFO:           interpret: Not installed
2025-12-30 07:21:59,248:INFO:                umap: Not installed
2025-12-30 07:21:59,248:INFO:     ydata_profiling: Not installed
2025-12-30 07:21:59,248:INFO:  explainerdashboard: Not installed
2025-12-30 07:21:59,248:INFO:             autoviz: 0.1.905
2025-12-30 07:21:59,248:INFO:           fairlearn: Not installed
2025-12-30 07:21:59,248:INFO:          deepchecks: Not installed
2025-12-30 07:21:59,248:INFO:             xgboost: 1.6.2
2025-12-30 07:21:59,248:INFO:            catboost: Not installed
2025-12-30 07:21:59,248:INFO:              kmodes: Not installed
2025-12-30 07:21:59,248:INFO:             mlxtend: Not installed
2025-12-30 07:21:59,248:INFO:       statsforecast: Not installed
2025-12-30 07:21:59,248:INFO:        tune_sklearn: Not installed
2025-12-30 07:21:59,248:INFO:                 ray: Not installed
2025-12-30 07:21:59,248:INFO:            hyperopt: Not installed
2025-12-30 07:21:59,248:INFO:              optuna: Not installed
2025-12-30 07:21:59,248:INFO:               skopt: Not installed
2025-12-30 07:21:59,248:INFO:              mlflow: Not installed
2025-12-30 07:21:59,248:INFO:              gradio: Not installed
2025-12-30 07:21:59,248:INFO:             fastapi: Not installed
2025-12-30 07:21:59,248:INFO:             uvicorn: Not installed
2025-12-30 07:21:59,248:INFO:              m2cgen: Not installed
2025-12-30 07:21:59,248:INFO:           evidently: Not installed
2025-12-30 07:21:59,248:INFO:               fugue: Not installed
2025-12-30 07:21:59,248:INFO:           streamlit: Not installed
2025-12-30 07:21:59,248:INFO:             prophet: Not installed
2025-12-30 07:21:59,248:INFO:None
2025-12-30 07:21:59,248:INFO:Set up data.
2025-12-30 07:21:59,255:INFO:Set up folding strategy.
2025-12-30 07:21:59,255:INFO:Set up train/test split.
2025-12-30 07:21:59,260:INFO:Set up index.
2025-12-30 07:21:59,260:INFO:Assigning column types.
2025-12-30 07:21:59,263:INFO:Engine successfully changes for model 'lr' to 'sklearn'.
2025-12-30 07:21:59,263:INFO:Engine for model 'lasso' has not been set explicitly, hence returning None.
2025-12-30 07:21:59,266:INFO:Engine for model 'ridge' has not been set explicitly, hence returning None.
2025-12-30 07:21:59,269:INFO:Engine for model 'en' has not been set explicitly, hence returning None.
2025-12-30 07:21:59,307:INFO:Engine for model 'svm' has not been set explicitly, hence returning None.
2025-12-30 07:21:59,335:INFO:Engine for model 'knn' has not been set explicitly, hence returning None.
2025-12-30 07:21:59,335:INFO:Soft dependency imported: xgboost: 1.6.2
2025-12-30 07:21:59,337:WARNING:
'catboost' is a soft dependency and not included in the pycaret installation. Please run: `pip install catboost` to install.
Alternately, you can install this by running `pip install pycaret[models]`
2025-12-30 07:21:59,337:INFO:Engine for model 'lasso' has not been set explicitly, hence returning None.
2025-12-30 07:21:59,340:INFO:Engine for model 'ridge' has not been set explicitly, hence returning None.
2025-12-30 07:21:59,343:INFO:Engine for model 'en' has not been set explicitly, hence returning None.
2025-12-30 07:21:59,380:INFO:Engine for model 'svm' has not been set explicitly, hence returning None.
2025-12-30 07:21:59,409:INFO:Engine for model 'knn' has not been set explicitly, hence returning None.
2025-12-30 07:21:59,409:INFO:Soft dependency imported: xgboost: 1.6.2
2025-12-30 07:21:59,411:WARNING:
'catboost' is a soft dependency and not included in the pycaret installation. Please run: `pip install catboost` to install.
Alternately, you can install this by running `pip install pycaret[models]`
2025-12-30 07:21:59,411:INFO:Engine successfully changes for model 'lasso' to 'sklearn'.
2025-12-30 07:21:59,415:INFO:Engine for model 'ridge' has not been set explicitly, hence returning None.
2025-12-30 07:21:59,420:INFO:Engine for model 'en' has not been set explicitly, hence returning None.
2025-12-30 07:21:59,459:INFO:Engine for model 'svm' has not been set explicitly, hence returning None.
2025-12-30 07:21:59,487:INFO:Engine for model 'knn' has not been set explicitly, hence returning None.
2025-12-30 07:21:59,488:INFO:Soft dependency imported: xgboost: 1.6.2
2025-12-30 07:21:59,489:WARNING:
'catboost' is a soft dependency and not included in the pycaret installation. Please run: `pip install catboost` to install.
Alternately, you can install this by running `pip install pycaret[models]`
2025-12-30 07:21:59,492:INFO:Engine for model 'ridge' has not been set explicitly, hence returning None.
2025-12-30 07:21:59,495:INFO:Engine for model 'en' has not been set explicitly, hence returning None.
2025-12-30 07:21:59,533:INFO:Engine for model 'svm' has not been set explicitly, hence returning None.
2025-12-30 07:21:59,561:INFO:Engine for model 'knn' has not been set explicitly, hence returning None.
2025-12-30 07:21:59,562:INFO:Soft dependency imported: xgboost: 1.6.2
2025-12-30 07:21:59,564:WARNING:
'catboost' is a soft dependency and not included in the pycaret installation. Please run: `pip install catboost` to install.
Alternately, you can install this by running `pip install pycaret[models]`
2025-12-30 07:21:59,564:INFO:Engine successfully changes for model 'ridge' to 'sklearn'.
2025-12-30 07:21:59,569:INFO:Engine for model 'en' has not been set explicitly, hence returning None.
2025-12-30 07:21:59,606:INFO:Engine for model 'svm' has not been set explicitly, hence returning None.
2025-12-30 07:21:59,634:INFO:Engine for model 'knn' has not been set explicitly, hence returning None.
2025-12-30 07:21:59,635:INFO:Soft dependency imported: xgboost: 1.6.2
2025-12-30 07:21:59,636:WARNING:
'catboost' is a soft dependency and not included in the pycaret installation. Please run: `pip install catboost` to install.
Alternately, you can install this by running `pip install pycaret[models]`
2025-12-30 07:21:59,644:INFO:Engine for model 'en' has not been set explicitly, hence returning None.
2025-12-30 07:21:59,680:INFO:Engine for model 'svm' has not been set explicitly, hence returning None.
2025-12-30 07:21:59,708:INFO:Engine for model 'knn' has not been set explicitly, hence returning None.
2025-12-30 07:21:59,709:INFO:Soft dependency imported: xgboost: 1.6.2
2025-12-30 07:21:59,710:WARNING:
'catboost' is a soft dependency and not included in the pycaret installation. Please run: `pip install catboost` to install.
Alternately, you can install this by running `pip install pycaret[models]`
2025-12-30 07:21:59,710:INFO:Engine successfully changes for model 'en' to 'sklearn'.
2025-12-30 07:21:59,752:INFO:Engine for model 'svm' has not been set explicitly, hence returning None.
2025-12-30 07:21:59,780:INFO:Engine for model 'knn' has not been set explicitly, hence returning None.
2025-12-30 07:21:59,781:INFO:Soft dependency imported: xgboost: 1.6.2
2025-12-30 07:21:59,783:WARNING:
'catboost' is a soft dependency and not included in the pycaret installation. Please run: `pip install catboost` to install.
Alternately, you can install this by running `pip install pycaret[models]`
2025-12-30 07:21:59,825:INFO:Engine for model 'svm' has not been set explicitly, hence returning None.
2025-12-30 07:21:59,854:INFO:Engine for model 'knn' has not been set explicitly, hence returning None.
2025-12-30 07:21:59,854:INFO:Soft dependency imported: xgboost: 1.6.2
2025-12-30 07:21:59,855:WARNING:
'catboost' is a soft dependency and not included in the pycaret installation. Please run: `pip install catboost` to install.
Alternately, you can install this by running `pip install pycaret[models]`
2025-12-30 07:21:59,856:INFO:Engine successfully changes for model 'knn' to 'sklearn'.
2025-12-30 07:21:59,898:INFO:Engine for model 'svm' has not been set explicitly, hence returning None.
2025-12-30 07:21:59,931:INFO:Soft dependency imported: xgboost: 1.6.2
2025-12-30 07:21:59,932:WARNING:
'catboost' is a soft dependency and not included in the pycaret installation. Please run: `pip install catboost` to install.
Alternately, you can install this by running `pip install pycaret[models]`
2025-12-30 07:21:59,980:INFO:Engine for model 'svm' has not been set explicitly, hence returning None.
2025-12-30 07:22:00,009:INFO:Soft dependency imported: xgboost: 1.6.2
2025-12-30 07:22:00,011:WARNING:
'catboost' is a soft dependency and not included in the pycaret installation. Please run: `pip install catboost` to install.
Alternately, you can install this by running `pip install pycaret[models]`
2025-12-30 07:22:00,011:INFO:Engine successfully changes for model 'svm' to 'sklearn'.
2025-12-30 07:22:00,083:INFO:Soft dependency imported: xgboost: 1.6.2
2025-12-30 07:22:00,084:WARNING:
'catboost' is a soft dependency and not included in the pycaret installation. Please run: `pip install catboost` to install.
Alternately, you can install this by running `pip install pycaret[models]`
2025-12-30 07:22:00,155:INFO:Soft dependency imported: xgboost: 1.6.2
2025-12-30 07:22:00,156:WARNING:
'catboost' is a soft dependency and not included in the pycaret installation. Please run: `pip install catboost` to install.
Alternately, you can install this by running `pip install pycaret[models]`
2025-12-30 07:22:00,158:INFO:Preparing preprocessing pipeline...
2025-12-30 07:22:00,158:INFO:Set up simple imputation.
2025-12-30 07:22:00,164:INFO:Set up encoding of categorical features.
2025-12-30 07:22:00,220:INFO:Finished creating preprocessing pipeline.
2025-12-30 07:22:00,227:INFO:Pipeline: Pipeline(memory=FastMemory(location=/tmp/joblib),
         steps=[('numerical_imputer',
                 TransformerWrapper(include=['YearsCodePro'],
                                    transformer=SimpleImputer())),
                ('categorical_imputer',
                 TransformerWrapper(include=['Country', 'EdLevel'],
                                    transformer=SimpleImputer(strategy='most_frequent'))),
                ('onehot_encoding',
                 TransformerWrapper(include=['EdLevel'],
                                    transformer=OneHotEncoder(cols=['EdLevel'],
                                                              handle_missing='return_nan',
                                                              use_cat_names=True))),
                ('rest_encoding',
                 TransformerWrapper(include=['Country'],
                                    transformer=TargetEncoder(cols=['Country'],
                                                              handle_missing='return_nan')))])
2025-12-30 07:22:00,227:INFO:Creating final display dataframe.
2025-12-30 07:22:00,359:INFO:Setup _display_container:                     Description             Value
0                    Session id                85
1                        Target            Salary
2                   Target type        Regression
3           Original data shape        (13733, 4)
4        Transformed data shape        (13733, 7)
5   Transformed train set shape         (9613, 7)
6    Transformed test set shape         (4120, 7)
7              Numeric features                 1
8          Categorical features                 2
9                    Preprocess              True
10              Imputation type            simple
11           Numeric imputation              mean
12       Categorical imputation              mode
13     Maximum one-hot encoding                25
14              Encoding method              None
15               Fold Generator             KFold
16                  Fold Number                10
17                     CPU Jobs                -1
18                      Use GPU             False
19               Log Experiment             False
20              Experiment Name  reg-default-name
21                          USI              1dd2
2025-12-30 07:22:00,438:INFO:Soft dependency imported: xgboost: 1.6.2
2025-12-30 07:22:00,440:WARNING:
'catboost' is a soft dependency and not included in the pycaret installation. Please run: `pip install catboost` to install.
Alternately, you can install this by running `pip install pycaret[models]`
2025-12-30 07:22:00,512:INFO:Soft dependency imported: xgboost: 1.6.2
2025-12-30 07:22:00,513:WARNING:
'catboost' is a soft dependency and not included in the pycaret installation. Please run: `pip install catboost` to install.
Alternately, you can install this by running `pip install pycaret[models]`
2025-12-30 07:22:00,514:INFO:setup() successfully completed in 1.31s...............
2025-12-30 07:22:10,107:INFO:Initializing compare_models()
2025-12-30 07:22:10,108:INFO:compare_models(self=<pycaret.regression.oop.RegressionExperiment object at 0x717b9dbe9a90>, include=None, exclude=None, fold=None, round=4, cross_validation=True, sort=R2, n_select=1, budget_time=None, turbo=True, errors=ignore, fit_kwargs=None, groups=None, experiment_custom_tags=None, probability_threshold=None, verbose=True, parallel=None, caller_params={'self': <pycaret.regression.oop.RegressionExperiment object at 0x717b9dbe9a90>, 'include': None, 'exclude': None, 'fold': None, 'round': 4, 'cross_validation': True, 'sort': 'R2', 'n_select': 1, 'budget_time': None, 'turbo': True, 'errors': 'ignore', 'fit_kwargs': None, 'groups': None, 'experiment_custom_tags': None, 'engine': None, 'verbose': True, 'parallel': None, '__class__': <class 'pycaret.regression.oop.RegressionExperiment'>})
2025-12-30 07:22:10,108:INFO:Checking exceptions
2025-12-30 07:22:10,117:INFO:Preparing display monitor
2025-12-30 07:22:10,154:INFO:Initializing Linear Regression
2025-12-30 07:22:10,154:INFO:Total runtime is 3.143151601155599e-06 minutes
2025-12-30 07:22:10,159:INFO:SubProcess create_model() called ==================================
2025-12-30 07:22:10,160:INFO:Initializing create_model()
2025-12-30 07:22:10,160:INFO:create_model(self=<pycaret.regression.oop.RegressionExperiment object at 0x717b9dbe9a90>, estimator=lr, fold=KFold(n_splits=10, random_state=None, shuffle=False), round=4, cross_validation=True, predict=True, fit_kwargs={}, groups=None, refit=False, probability_threshold=None, experiment_custom_tags=None, verbose=False, system=False, add_to_model_list=True, metrics=None, display=<pycaret.internal.display.display.CommonDisplay object at 0x717b9c446b10>, model_only=True, return_train_score=False, error_score=0.0, kwargs={})
2025-12-30 07:22:10,160:INFO:Checking exceptions
2025-12-30 07:22:10,160:INFO:Importing libraries
2025-12-30 07:22:10,161:INFO:Copying training dataset
2025-12-30 07:22:10,167:INFO:Defining folds
2025-12-30 07:22:10,167:INFO:Declaring metric variables
2025-12-30 07:22:10,171:INFO:Importing untrained model
2025-12-30 07:22:10,174:INFO:Linear Regression Imported successfully
2025-12-30 07:22:10,180:INFO:Starting cross validation
2025-12-30 07:22:10,184:INFO:Cross validating with KFold(n_splits=10, random_state=None, shuffle=False), n_jobs=-1
2025-12-30 07:22:12,816:INFO:Calculating mean and std
2025-12-30 07:22:12,818:INFO:Creating metrics dataframe
2025-12-30 07:22:12,820:INFO:Uploading results into container
2025-12-30 07:22:12,820:INFO:Uploading model into container now
2025-12-30 07:22:12,821:INFO:_master_model_container: 1
2025-12-30 07:22:12,821:INFO:_display_container: 2
2025-12-30 07:22:12,821:INFO:LinearRegression(n_jobs=-1)
2025-12-30 07:22:12,821:INFO:create_model() successfully completed......................................
2025-12-30 07:22:12,945:INFO:SubProcess create_model() end ==================================
2025-12-30 07:22:12,945:INFO:Creating metrics dataframe
2025-12-30 07:22:12,952:INFO:Initializing Lasso Regression
2025-12-30 07:22:12,953:INFO:Total runtime is 0.046638524532318114 minutes
2025-12-30 07:22:12,956:INFO:SubProcess create_model() called ==================================
2025-12-30 07:22:12,957:INFO:Initializing create_model()
2025-12-30 07:22:12,957:INFO:create_model(self=<pycaret.regression.oop.RegressionExperiment object at 0x717b9dbe9a90>, estimator=lasso, fold=KFold(n_splits=10, random_state=None, shuffle=False), round=4, cross_validation=True, predict=True, fit_kwargs={}, groups=None, refit=False, probability_threshold=None, experiment_custom_tags=None, verbose=False, system=False, add_to_model_list=True, metrics=None, display=<pycaret.internal.display.display.CommonDisplay object at 0x717b9c446b10>, model_only=True, return_train_score=False, error_score=0.0, kwargs={})
2025-12-30 07:22:12,957:INFO:Checking exceptions
2025-12-30 07:22:12,957:INFO:Importing libraries
2025-12-30 07:22:12,957:INFO:Copying training dataset
2025-12-30 07:22:12,962:INFO:Defining folds
2025-12-30 07:22:12,962:INFO:Declaring metric variables
2025-12-30 07:22:12,965:INFO:Importing untrained model
2025-12-30 07:22:12,968:INFO:Lasso Regression Imported successfully
2025-12-30 07:22:12,975:INFO:Starting cross validation
2025-12-30 07:22:12,977:INFO:Cross validating with KFold(n_splits=10, random_state=None, shuffle=False), n_jobs=-1
2025-12-30 07:22:13,154:INFO:Calculating mean and std
2025-12-30 07:22:13,155:INFO:Creating metrics dataframe
2025-12-30 07:22:13,156:INFO:Uploading results into container
2025-12-30 07:22:13,157:INFO:Uploading model into container now
2025-12-30 07:22:13,157:INFO:_master_model_container: 2
2025-12-30 07:22:13,157:INFO:_display_container: 2
2025-12-30 07:22:13,157:INFO:Lasso(random_state=85)
2025-12-30 07:22:13,157:INFO:create_model() successfully completed......................................
2025-12-30 07:22:13,258:INFO:SubProcess create_model() end ==================================
2025-12-30 07:22:13,258:INFO:Creating metrics dataframe
2025-12-30 07:22:13,265:INFO:Initializing Ridge Regression
2025-12-30 07:22:13,265:INFO:Total runtime is 0.05185045798619588 minutes
2025-12-30 07:22:13,269:INFO:SubProcess create_model() called ==================================
2025-12-30 07:22:13,269:INFO:Initializing create_model()
2025-12-30 07:22:13,269:INFO:create_model(self=<pycaret.regression.oop.RegressionExperiment object at 0x717b9dbe9a90>, estimator=ridge, fold=KFold(n_splits=10, random_state=None, shuffle=False), round=4, cross_validation=True, predict=True, fit_kwargs={}, groups=None, refit=False, probability_threshold=None, experiment_custom_tags=None, verbose=False, system=False, add_to_model_list=True, metrics=None, display=<pycaret.internal.display.display.CommonDisplay object at 0x717b9c446b10>, model_only=True, return_train_score=False, error_score=0.0, kwargs={})
2025-12-30 07:22:13,269:INFO:Checking exceptions
2025-12-30 07:22:13,269:INFO:Importing libraries
2025-12-30 07:22:13,269:INFO:Copying training dataset
2025-12-30 07:22:13,274:INFO:Defining folds
2025-12-30 07:22:13,274:INFO:Declaring metric variables
2025-12-30 07:22:13,278:INFO:Importing untrained model
2025-12-30 07:22:13,281:INFO:Ridge Regression Imported successfully
2025-12-30 07:22:13,287:INFO:Starting cross validation
2025-12-30 07:22:13,289:INFO:Cross validating with KFold(n_splits=10, random_state=None, shuffle=False), n_jobs=-1
2025-12-30 07:22:13,465:INFO:Calculating mean and std
2025-12-30 07:22:13,466:INFO:Creating metrics dataframe
2025-12-30 07:22:13,467:INFO:Uploading results into container
2025-12-30 07:22:13,468:INFO:Uploading model into container now
2025-12-30 07:22:13,468:INFO:_master_model_container: 3
2025-12-30 07:22:13,468:INFO:_display_container: 2
2025-12-30 07:22:13,468:INFO:Ridge(random_state=85)
2025-12-30 07:22:13,469:INFO:create_model() successfully completed......................................
2025-12-30 07:22:13,585:INFO:SubProcess create_model() end ==================================
2025-12-30 07:22:13,585:INFO:Creating metrics dataframe
2025-12-30 07:22:13,592:INFO:Initializing Elastic Net
2025-12-30 07:22:13,592:INFO:Total runtime is 0.057297058900197345 minutes
2025-12-30 07:22:13,596:INFO:SubProcess create_model() called ==================================
2025-12-30 07:22:13,596:INFO:Initializing create_model()
2025-12-30 07:22:13,596:INFO:create_model(self=<pycaret.regression.oop.RegressionExperiment object at 0x717b9dbe9a90>, estimator=en, fold=KFold(n_splits=10, random_state=None, shuffle=False), round=4, cross_validation=True, predict=True, fit_kwargs={}, groups=None, refit=False, probability_threshold=None, experiment_custom_tags=None, verbose=False, system=False, add_to_model_list=True, metrics=None, display=<pycaret.internal.display.display.CommonDisplay object at 0x717b9c446b10>, model_only=True, return_train_score=False, error_score=0.0, kwargs={})
2025-12-30 07:22:13,596:INFO:Checking exceptions
2025-12-30 07:22:13,596:INFO:Importing libraries
2025-12-30 07:22:13,596:INFO:Copying training dataset
2025-12-30 07:22:13,601:INFO:Defining folds
2025-12-30 07:22:13,601:INFO:Declaring metric variables
2025-12-30 07:22:13,604:INFO:Importing untrained model
2025-12-30 07:22:13,608:INFO:Elastic Net Imported successfully
2025-12-30 07:22:13,614:INFO:Starting cross validation
2025-12-30 07:22:13,616:INFO:Cross validating with KFold(n_splits=10, random_state=None, shuffle=False), n_jobs=-1
2025-12-30 07:22:13,836:INFO:Calculating mean and std
2025-12-30 07:22:13,836:INFO:Creating metrics dataframe
2025-12-30 07:22:13,838:INFO:Uploading results into container
2025-12-30 07:22:13,838:INFO:Uploading model into container now
2025-12-30 07:22:13,838:INFO:_master_model_container: 4
2025-12-30 07:22:13,838:INFO:_display_container: 2
2025-12-30 07:22:13,839:INFO:ElasticNet(random_state=85)
2025-12-30 07:22:13,839:INFO:create_model() successfully completed......................................
2025-12-30 07:22:13,942:INFO:SubProcess create_model() end ==================================
2025-12-30 07:22:13,942:INFO:Creating metrics dataframe
2025-12-30 07:22:13,950:INFO:Initializing Least Angle Regression
2025-12-30 07:22:13,950:INFO:Total runtime is 0.06326682567596435 minutes
2025-12-30 07:22:13,954:INFO:SubProcess create_model() called ==================================
2025-12-30 07:22:13,954:INFO:Initializing create_model()
2025-12-30 07:22:13,954:INFO:create_model(self=<pycaret.regression.oop.RegressionExperiment object at 0x717b9dbe9a90>, estimator=lar, fold=KFold(n_splits=10, random_state=None, shuffle=False), round=4, cross_validation=True, predict=True, fit_kwargs={}, groups=None, refit=False, probability_threshold=None, experiment_custom_tags=None, verbose=False, system=False, add_to_model_list=True, metrics=None, display=<pycaret.internal.display.display.CommonDisplay object at 0x717b9c446b10>, model_only=True, return_train_score=False, error_score=0.0, kwargs={})
2025-12-30 07:22:13,954:INFO:Checking exceptions
2025-12-30 07:22:13,954:INFO:Importing libraries
2025-12-30 07:22:13,955:INFO:Copying training dataset
2025-12-30 07:22:13,959:INFO:Defining folds
2025-12-30 07:22:13,959:INFO:Declaring metric variables
2025-12-30 07:22:13,963:INFO:Importing untrained model
2025-12-30 07:22:13,966:INFO:Least Angle Regression Imported successfully
2025-12-30 07:22:13,973:INFO:Starting cross validation
2025-12-30 07:22:13,974:INFO:Cross validating with KFold(n_splits=10, random_state=None, shuffle=False), n_jobs=-1
2025-12-30 07:22:14,150:INFO:Calculating mean and std
2025-12-30 07:22:14,151:INFO:Creating metrics dataframe
2025-12-30 07:22:14,152:INFO:Uploading results into container
2025-12-30 07:22:14,153:INFO:Uploading model into container now
2025-12-30 07:22:14,153:INFO:_master_model_container: 5
2025-12-30 07:22:14,153:INFO:_display_container: 2
2025-12-30 07:22:14,154:INFO:Lars(random_state=85)
2025-12-30 07:22:14,154:INFO:create_model() successfully completed......................................
2025-12-30 07:22:14,256:INFO:SubProcess create_model() end ==================================
2025-12-30 07:22:14,256:INFO:Creating metrics dataframe
2025-12-30 07:22:14,263:INFO:Initializing Lasso Least Angle Regression
2025-12-30 07:22:14,263:INFO:Total runtime is 0.06847928762435913 minutes
2025-12-30 07:22:14,266:INFO:SubProcess create_model() called ==================================
2025-12-30 07:22:14,266:INFO:Initializing create_model()
2025-12-30 07:22:14,266:INFO:create_model(self=<pycaret.regression.oop.RegressionExperiment object at 0x717b9dbe9a90>, estimator=llar, fold=KFold(n_splits=10, random_state=None, shuffle=False), round=4, cross_validation=True, predict=True, fit_kwargs={}, groups=None, refit=False, probability_threshold=None, experiment_custom_tags=None, verbose=False, system=False, add_to_model_list=True, metrics=None, display=<pycaret.internal.display.display.CommonDisplay object at 0x717b9c446b10>, model_only=True, return_train_score=False, error_score=0.0, kwargs={})
2025-12-30 07:22:14,267:INFO:Checking exceptions
2025-12-30 07:22:14,267:INFO:Importing libraries
2025-12-30 07:22:14,267:INFO:Copying training dataset
2025-12-30 07:22:14,272:INFO:Defining folds
2025-12-30 07:22:14,272:INFO:Declaring metric variables
2025-12-30 07:22:14,275:INFO:Importing untrained model
2025-12-30 07:22:14,279:INFO:Lasso Least Angle Regression Imported successfully
2025-12-30 07:22:14,285:INFO:Starting cross validation
2025-12-30 07:22:14,286:INFO:Cross validating with KFold(n_splits=10, random_state=None, shuffle=False), n_jobs=-1
2025-12-30 07:22:14,464:INFO:Calculating mean and std
2025-12-30 07:22:14,464:INFO:Creating metrics dataframe
2025-12-30 07:22:14,466:INFO:Uploading results into container
2025-12-30 07:22:14,466:INFO:Uploading model into container now
2025-12-30 07:22:14,467:INFO:_master_model_container: 6
2025-12-30 07:22:14,467:INFO:_display_container: 2
2025-12-30 07:22:14,467:INFO:LassoLars(random_state=85)
2025-12-30 07:22:14,467:INFO:create_model() successfully completed......................................
2025-12-30 07:22:14,572:INFO:SubProcess create_model() end ==================================
2025-12-30 07:22:14,572:INFO:Creating metrics dataframe
2025-12-30 07:22:14,579:INFO:Initializing Orthogonal Matching Pursuit
2025-12-30 07:22:14,579:INFO:Total runtime is 0.07374931176503499 minutes
2025-12-30 07:22:14,583:INFO:SubProcess create_model() called ==================================
2025-12-30 07:22:14,583:INFO:Initializing create_model()
2025-12-30 07:22:14,583:INFO:create_model(self=<pycaret.regression.oop.RegressionExperiment object at 0x717b9dbe9a90>, estimator=omp, fold=KFold(n_splits=10, random_state=None, shuffle=False), round=4, cross_validation=True, predict=True, fit_kwargs={}, groups=None, refit=False, probability_threshold=None, experiment_custom_tags=None, verbose=False, system=False, add_to_model_list=True, metrics=None, display=<pycaret.internal.display.display.CommonDisplay object at 0x717b9c446b10>, model_only=True, return_train_score=False, error_score=0.0, kwargs={})
2025-12-30 07:22:14,583:INFO:Checking exceptions
2025-12-30 07:22:14,583:INFO:Importing libraries
2025-12-30 07:22:14,583:INFO:Copying training dataset
2025-12-30 07:22:14,588:INFO:Defining folds
2025-12-30 07:22:14,589:INFO:Declaring metric variables
2025-12-30 07:22:14,592:INFO:Importing untrained model
2025-12-30 07:22:14,595:INFO:Orthogonal Matching Pursuit Imported successfully
2025-12-30 07:22:14,601:INFO:Starting cross validation
2025-12-30 07:22:14,603:INFO:Cross validating with KFold(n_splits=10, random_state=None, shuffle=False), n_jobs=-1
2025-12-30 07:22:14,783:INFO:Calculating mean and std
2025-12-30 07:22:14,783:INFO:Creating metrics dataframe
2025-12-30 07:22:14,785:INFO:Uploading results into container
2025-12-30 07:22:14,786:INFO:Uploading model into container now
2025-12-30 07:22:14,786:INFO:_master_model_container: 7
2025-12-30 07:22:14,787:INFO:_display_container: 2
2025-12-30 07:22:14,787:INFO:OrthogonalMatchingPursuit()
2025-12-30 07:22:14,787:INFO:create_model() successfully completed......................................
2025-12-30 07:22:14,893:INFO:SubProcess create_model() end ==================================
2025-12-30 07:22:14,893:INFO:Creating metrics dataframe
2025-12-30 07:22:14,901:INFO:Initializing Bayesian Ridge
2025-12-30 07:22:14,901:INFO:Total runtime is 0.0791152040163676 minutes
2025-12-30 07:22:14,904:INFO:SubProcess create_model() called ==================================
2025-12-30 07:22:14,904:INFO:Initializing create_model()
2025-12-30 07:22:14,904:INFO:create_model(self=<pycaret.regression.oop.RegressionExperiment object at 0x717b9dbe9a90>, estimator=br, fold=KFold(n_splits=10, random_state=None, shuffle=False), round=4, cross_validation=True, predict=True, fit_kwargs={}, groups=None, refit=False, probability_threshold=None, experiment_custom_tags=None, verbose=False, system=False, add_to_model_list=True, metrics=None, display=<pycaret.internal.display.display.CommonDisplay object at 0x717b9c446b10>, model_only=True, return_train_score=False, error_score=0.0, kwargs={})
2025-12-30 07:22:14,905:INFO:Checking exceptions
2025-12-30 07:22:14,905:INFO:Importing libraries
2025-12-30 07:22:14,905:INFO:Copying training dataset
2025-12-30 07:22:14,909:INFO:Defining folds
2025-12-30 07:22:14,909:INFO:Declaring metric variables
2025-12-30 07:22:14,912:INFO:Importing untrained model
2025-12-30 07:22:14,916:INFO:Bayesian Ridge Imported successfully
2025-12-30 07:22:14,923:INFO:Starting cross validation
2025-12-30 07:22:14,924:INFO:Cross validating with KFold(n_splits=10, random_state=None, shuffle=False), n_jobs=-1
2025-12-30 07:22:15,098:INFO:Calculating mean and std
2025-12-30 07:22:15,099:INFO:Creating metrics dataframe
2025-12-30 07:22:15,100:INFO:Uploading results into container
2025-12-30 07:22:15,100:INFO:Uploading model into container now
2025-12-30 07:22:15,100:INFO:_master_model_container: 8
2025-12-30 07:22:15,100:INFO:_display_container: 2
2025-12-30 07:22:15,101:INFO:BayesianRidge()
2025-12-30 07:22:15,101:INFO:create_model() successfully completed......................................
2025-12-30 07:22:15,204:INFO:SubProcess create_model() end ==================================
2025-12-30 07:22:15,204:INFO:Creating metrics dataframe
2025-12-30 07:22:15,212:INFO:Initializing Passive Aggressive Regressor
2025-12-30 07:22:15,213:INFO:Total runtime is 0.08430500030517578 minutes
2025-12-30 07:22:15,216:INFO:SubProcess create_model() called ==================================
2025-12-30 07:22:15,216:INFO:Initializing create_model()
2025-12-30 07:22:15,216:INFO:create_model(self=<pycaret.regression.oop.RegressionExperiment object at 0x717b9dbe9a90>, estimator=par, fold=KFold(n_splits=10, random_state=None, shuffle=False), round=4, cross_validation=True, predict=True, fit_kwargs={}, groups=None, refit=False, probability_threshold=None, experiment_custom_tags=None, verbose=False, system=False, add_to_model_list=True, metrics=None, display=<pycaret.internal.display.display.CommonDisplay object at 0x717b9c446b10>, model_only=True, return_train_score=False, error_score=0.0, kwargs={})
2025-12-30 07:22:15,216:INFO:Checking exceptions
2025-12-30 07:22:15,216:INFO:Importing libraries
2025-12-30 07:22:15,217:INFO:Copying training dataset
2025-12-30 07:22:15,221:INFO:Defining folds
2025-12-30 07:22:15,221:INFO:Declaring metric variables
2025-12-30 07:22:15,225:INFO:Importing untrained model
2025-12-30 07:22:15,229:INFO:Passive Aggressive Regressor Imported successfully
2025-12-30 07:22:15,235:INFO:Starting cross validation
2025-12-30 07:22:15,237:INFO:Cross validating with KFold(n_splits=10, random_state=None, shuffle=False), n_jobs=-1
2025-12-30 07:22:15,430:INFO:Calculating mean and std
2025-12-30 07:22:15,431:INFO:Creating metrics dataframe
2025-12-30 07:22:15,432:INFO:Uploading results into container
2025-12-30 07:22:15,433:INFO:Uploading model into container now
2025-12-30 07:22:15,433:INFO:_master_model_container: 9
2025-12-30 07:22:15,433:INFO:_display_container: 2
2025-12-30 07:22:15,434:INFO:PassiveAggressiveRegressor(random_state=85)
2025-12-30 07:22:15,434:INFO:create_model() successfully completed......................................
2025-12-30 07:22:15,536:INFO:SubProcess create_model() end ==================================
2025-12-30 07:22:15,536:INFO:Creating metrics dataframe
2025-12-30 07:22:15,544:INFO:Initializing Huber Regressor
2025-12-30 07:22:15,544:INFO:Total runtime is 0.08982917467753092 minutes
2025-12-30 07:22:15,547:INFO:SubProcess create_model() called ==================================
2025-12-30 07:22:15,547:INFO:Initializing create_model()
2025-12-30 07:22:15,547:INFO:create_model(self=<pycaret.regression.oop.RegressionExperiment object at 0x717b9dbe9a90>, estimator=huber, fold=KFold(n_splits=10, random_state=None, shuffle=False), round=4, cross_validation=True, predict=True, fit_kwargs={}, groups=None, refit=False, probability_threshold=None, experiment_custom_tags=None, verbose=False, system=False, add_to_model_list=True, metrics=None, display=<pycaret.internal.display.display.CommonDisplay object at 0x717b9c446b10>, model_only=True, return_train_score=False, error_score=0.0, kwargs={})
2025-12-30 07:22:15,548:INFO:Checking exceptions
2025-12-30 07:22:15,548:INFO:Importing libraries
2025-12-30 07:22:15,548:INFO:Copying training dataset
2025-12-30 07:22:15,555:INFO:Defining folds
2025-12-30 07:22:15,555:INFO:Declaring metric variables
2025-12-30 07:22:15,559:INFO:Importing untrained model
2025-12-30 07:22:15,564:INFO:Huber Regressor Imported successfully
2025-12-30 07:22:15,570:INFO:Starting cross validation
2025-12-30 07:22:15,572:INFO:Cross validating with KFold(n_splits=10, random_state=None, shuffle=False), n_jobs=-1
2025-12-30 07:22:15,762:INFO:Calculating mean and std
2025-12-30 07:22:15,763:INFO:Creating metrics dataframe
2025-12-30 07:22:15,764:INFO:Uploading results into container
2025-12-30 07:22:15,764:INFO:Uploading model into container now
2025-12-30 07:22:15,764:INFO:_master_model_container: 10
2025-12-30 07:22:15,764:INFO:_display_container: 2
2025-12-30 07:22:15,764:INFO:HuberRegressor()
2025-12-30 07:22:15,765:INFO:create_model() successfully completed......................................
2025-12-30 07:22:15,869:INFO:SubProcess create_model() end ==================================
2025-12-30 07:22:15,869:INFO:Creating metrics dataframe
2025-12-30 07:22:15,879:INFO:Initializing K Neighbors Regressor
2025-12-30 07:22:15,879:INFO:Total runtime is 0.095406170686086 minutes
2025-12-30 07:22:15,882:INFO:SubProcess create_model() called ==================================
2025-12-30 07:22:15,883:INFO:Initializing create_model()
2025-12-30 07:22:15,883:INFO:create_model(self=<pycaret.regression.oop.RegressionExperiment object at 0x717b9dbe9a90>, estimator=knn, fold=KFold(n_splits=10, random_state=None, shuffle=False), round=4, cross_validation=True, predict=True, fit_kwargs={}, groups=None, refit=False, probability_threshold=None, experiment_custom_tags=None, verbose=False, system=False, add_to_model_list=True, metrics=None, display=<pycaret.internal.display.display.CommonDisplay object at 0x717b9c446b10>, model_only=True, return_train_score=False, error_score=0.0, kwargs={})
2025-12-30 07:22:15,883:INFO:Checking exceptions
2025-12-30 07:22:15,883:INFO:Importing libraries
2025-12-30 07:22:15,883:INFO:Copying training dataset
2025-12-30 07:22:15,888:INFO:Defining folds
2025-12-30 07:22:15,888:INFO:Declaring metric variables
2025-12-30 07:22:15,891:INFO:Importing untrained model
2025-12-30 07:22:15,894:INFO:K Neighbors Regressor Imported successfully
2025-12-30 07:22:15,901:INFO:Starting cross validation
2025-12-30 07:22:15,903:INFO:Cross validating with KFold(n_splits=10, random_state=None, shuffle=False), n_jobs=-1
2025-12-30 07:22:16,134:INFO:Calculating mean and std
2025-12-30 07:22:16,135:INFO:Creating metrics dataframe
2025-12-30 07:22:16,136:INFO:Uploading results into container
2025-12-30 07:22:16,136:INFO:Uploading model into container now
2025-12-30 07:22:16,137:INFO:_master_model_container: 11
2025-12-30 07:22:16,137:INFO:_display_container: 2
2025-12-30 07:22:16,137:INFO:KNeighborsRegressor(n_jobs=-1)
2025-12-30 07:22:16,137:INFO:create_model() successfully completed......................................
2025-12-30 07:22:16,238:INFO:SubProcess create_model() end ==================================
2025-12-30 07:22:16,238:INFO:Creating metrics dataframe
2025-12-30 07:22:16,247:INFO:Initializing Decision Tree Regressor
2025-12-30 07:22:16,247:INFO:Total runtime is 0.10154890616734821 minutes
2025-12-30 07:22:16,250:INFO:SubProcess create_model() called ==================================
2025-12-30 07:22:16,251:INFO:Initializing create_model()
2025-12-30 07:22:16,251:INFO:create_model(self=<pycaret.regression.oop.RegressionExperiment object at 0x717b9dbe9a90>, estimator=dt, fold=KFold(n_splits=10, random_state=None, shuffle=False), round=4, cross_validation=True, predict=True, fit_kwargs={}, groups=None, refit=False, probability_threshold=None, experiment_custom_tags=None, verbose=False, system=False, add_to_model_list=True, metrics=None, display=<pycaret.internal.display.display.CommonDisplay object at 0x717b9c446b10>, model_only=True, return_train_score=False, error_score=0.0, kwargs={})
2025-12-30 07:22:16,251:INFO:Checking exceptions
2025-12-30 07:22:16,251:INFO:Importing libraries
2025-12-30 07:22:16,251:INFO:Copying training dataset
2025-12-30 07:22:16,257:INFO:Defining folds
2025-12-30 07:22:16,257:INFO:Declaring metric variables
2025-12-30 07:22:16,261:INFO:Importing untrained model
2025-12-30 07:22:16,264:INFO:Decision Tree Regressor Imported successfully
2025-12-30 07:22:16,271:INFO:Starting cross validation
2025-12-30 07:22:16,273:INFO:Cross validating with KFold(n_splits=10, random_state=None, shuffle=False), n_jobs=-1
2025-12-30 07:22:16,470:INFO:Calculating mean and std
2025-12-30 07:22:16,470:INFO:Creating metrics dataframe
2025-12-30 07:22:16,472:INFO:Uploading results into container
2025-12-30 07:22:16,472:INFO:Uploading model into container now
2025-12-30 07:22:16,472:INFO:_master_model_container: 12
2025-12-30 07:22:16,472:INFO:_display_container: 2
2025-12-30 07:22:16,473:INFO:DecisionTreeRegressor(random_state=85)
2025-12-30 07:22:16,473:INFO:create_model() successfully completed......................................
2025-12-30 07:22:16,575:INFO:SubProcess create_model() end ==================================
2025-12-30 07:22:16,575:INFO:Creating metrics dataframe
2025-12-30 07:22:16,584:INFO:Initializing Random Forest Regressor
2025-12-30 07:22:16,584:INFO:Total runtime is 0.10716055234273274 minutes
2025-12-30 07:22:16,587:INFO:SubProcess create_model() called ==================================
2025-12-30 07:22:16,587:INFO:Initializing create_model()
2025-12-30 07:22:16,587:INFO:create_model(self=<pycaret.regression.oop.RegressionExperiment object at 0x717b9dbe9a90>, estimator=rf, fold=KFold(n_splits=10, random_state=None, shuffle=False), round=4, cross_validation=True, predict=True, fit_kwargs={}, groups=None, refit=False, probability_threshold=None, experiment_custom_tags=None, verbose=False, system=False, add_to_model_list=True, metrics=None, display=<pycaret.internal.display.display.CommonDisplay object at 0x717b9c446b10>, model_only=True, return_train_score=False, error_score=0.0, kwargs={})
2025-12-30 07:22:16,587:INFO:Checking exceptions
2025-12-30 07:22:16,587:INFO:Importing libraries
2025-12-30 07:22:16,587:INFO:Copying training dataset
2025-12-30 07:22:16,592:INFO:Defining folds
2025-12-30 07:22:16,592:INFO:Declaring metric variables
2025-12-30 07:22:16,595:INFO:Importing untrained model
2025-12-30 07:22:16,598:INFO:Random Forest Regressor Imported successfully
2025-12-30 07:22:16,604:INFO:Starting cross validation
2025-12-30 07:22:16,606:INFO:Cross validating with KFold(n_splits=10, random_state=None, shuffle=False), n_jobs=-1
2025-12-30 07:22:18,187:INFO:Calculating mean and std
2025-12-30 07:22:18,188:INFO:Creating metrics dataframe
2025-12-30 07:22:18,189:INFO:Uploading results into container
2025-12-30 07:22:18,190:INFO:Uploading model into container now
2025-12-30 07:22:18,190:INFO:_master_model_container: 13
2025-12-30 07:22:18,190:INFO:_display_container: 2
2025-12-30 07:22:18,191:INFO:RandomForestRegressor(n_jobs=-1, random_state=85)
2025-12-30 07:22:18,191:INFO:create_model() successfully completed......................................
2025-12-30 07:22:18,301:INFO:SubProcess create_model() end ==================================
2025-12-30 07:22:18,302:INFO:Creating metrics dataframe
2025-12-30 07:22:18,310:INFO:Initializing Extra Trees Regressor
2025-12-30 07:22:18,311:INFO:Total runtime is 0.13593849738438923 minutes
2025-12-30 07:22:18,313:INFO:SubProcess create_model() called ==================================
2025-12-30 07:22:18,314:INFO:Initializing create_model()
2025-12-30 07:22:18,314:INFO:create_model(self=<pycaret.regression.oop.RegressionExperiment object at 0x717b9dbe9a90>, estimator=et, fold=KFold(n_splits=10, random_state=None, shuffle=False), round=4, cross_validation=True, predict=True, fit_kwargs={}, groups=None, refit=False, probability_threshold=None, experiment_custom_tags=None, verbose=False, system=False, add_to_model_list=True, metrics=None, display=<pycaret.internal.display.display.CommonDisplay object at 0x717b9c446b10>, model_only=True, return_train_score=False, error_score=0.0, kwargs={})
2025-12-30 07:22:18,314:INFO:Checking exceptions
2025-12-30 07:22:18,314:INFO:Importing libraries
2025-12-30 07:22:18,314:INFO:Copying training dataset
2025-12-30 07:22:18,319:INFO:Defining folds
2025-12-30 07:22:18,319:INFO:Declaring metric variables
2025-12-30 07:22:18,322:INFO:Importing untrained model
2025-12-30 07:22:18,325:INFO:Extra Trees Regressor Imported successfully
2025-12-30 07:22:18,330:INFO:Starting cross validation
2025-12-30 07:22:18,332:INFO:Cross validating with KFold(n_splits=10, random_state=None, shuffle=False), n_jobs=-1
2025-12-30 07:22:19,697:INFO:Calculating mean and std
2025-12-30 07:22:19,698:INFO:Creating metrics dataframe
2025-12-30 07:22:19,699:INFO:Uploading results into container
2025-12-30 07:22:19,699:INFO:Uploading model into container now
2025-12-30 07:22:19,700:INFO:_master_model_container: 14
2025-12-30 07:22:19,700:INFO:_display_container: 2
2025-12-30 07:22:19,700:INFO:ExtraTreesRegressor(n_jobs=-1, random_state=85)
2025-12-30 07:22:19,700:INFO:create_model() successfully completed......................................
2025-12-30 07:22:19,802:INFO:SubProcess create_model() end ==================================
2025-12-30 07:22:19,802:INFO:Creating metrics dataframe
2025-12-30 07:22:19,812:INFO:Initializing AdaBoost Regressor
2025-12-30 07:22:19,812:INFO:Total runtime is 0.16097033023834229 minutes
2025-12-30 07:22:19,816:INFO:SubProcess create_model() called ==================================
2025-12-30 07:22:19,816:INFO:Initializing create_model()
2025-12-30 07:22:19,816:INFO:create_model(self=<pycaret.regression.oop.RegressionExperiment object at 0x717b9dbe9a90>, estimator=ada, fold=KFold(n_splits=10, random_state=None, shuffle=False), round=4, cross_validation=True, predict=True, fit_kwargs={}, groups=None, refit=False, probability_threshold=None, experiment_custom_tags=None, verbose=False, system=False, add_to_model_list=True, metrics=None, display=<pycaret.internal.display.display.CommonDisplay object at 0x717b9c446b10>, model_only=True, return_train_score=False, error_score=0.0, kwargs={})
2025-12-30 07:22:19,816:INFO:Checking exceptions
2025-12-30 07:22:19,816:INFO:Importing libraries
2025-12-30 07:22:19,816:INFO:Copying training dataset
2025-12-30 07:22:19,821:INFO:Defining folds
2025-12-30 07:22:19,821:INFO:Declaring metric variables
2025-12-30 07:22:19,825:INFO:Importing untrained model
2025-12-30 07:22:19,828:INFO:AdaBoost Regressor Imported successfully
2025-12-30 07:22:19,834:INFO:Starting cross validation
2025-12-30 07:22:19,836:INFO:Cross validating with KFold(n_splits=10, random_state=None, shuffle=False), n_jobs=-1
2025-12-30 07:22:20,169:INFO:Calculating mean and std
2025-12-30 07:22:20,170:INFO:Creating metrics dataframe
2025-12-30 07:22:20,171:INFO:Uploading results into container
2025-12-30 07:22:20,172:INFO:Uploading model into container now
2025-12-30 07:22:20,172:INFO:_master_model_container: 15
2025-12-30 07:22:20,172:INFO:_display_container: 2
2025-12-30 07:22:20,172:INFO:AdaBoostRegressor(random_state=85)
2025-12-30 07:22:20,172:INFO:create_model() successfully completed......................................
2025-12-30 07:22:20,275:INFO:SubProcess create_model() end ==================================
2025-12-30 07:22:20,275:INFO:Creating metrics dataframe
2025-12-30 07:22:20,284:INFO:Initializing Gradient Boosting Regressor
2025-12-30 07:22:20,284:INFO:Total runtime is 0.16883564790089925 minutes
2025-12-30 07:22:20,287:INFO:SubProcess create_model() called ==================================
2025-12-30 07:22:20,288:INFO:Initializing create_model()
2025-12-30 07:22:20,288:INFO:create_model(self=<pycaret.regression.oop.RegressionExperiment object at 0x717b9dbe9a90>, estimator=gbr, fold=KFold(n_splits=10, random_state=None, shuffle=False), round=4, cross_validation=True, predict=True, fit_kwargs={}, groups=None, refit=False, probability_threshold=None, experiment_custom_tags=None, verbose=False, system=False, add_to_model_list=True, metrics=None, display=<pycaret.internal.display.display.CommonDisplay object at 0x717b9c446b10>, model_only=True, return_train_score=False, error_score=0.0, kwargs={})
2025-12-30 07:22:20,288:INFO:Checking exceptions
2025-12-30 07:22:20,288:INFO:Importing libraries
2025-12-30 07:22:20,288:INFO:Copying training dataset
2025-12-30 07:22:20,292:INFO:Defining folds
2025-12-30 07:22:20,293:INFO:Declaring metric variables
2025-12-30 07:22:20,295:INFO:Importing untrained model
2025-12-30 07:22:20,298:INFO:Gradient Boosting Regressor Imported successfully
2025-12-30 07:22:20,304:INFO:Starting cross validation
2025-12-30 07:22:20,306:INFO:Cross validating with KFold(n_splits=10, random_state=None, shuffle=False), n_jobs=-1
2025-12-30 07:22:21,067:INFO:Calculating mean and std
2025-12-30 07:22:21,068:INFO:Creating metrics dataframe
2025-12-30 07:22:21,069:INFO:Uploading results into container
2025-12-30 07:22:21,069:INFO:Uploading model into container now
2025-12-30 07:22:21,069:INFO:_master_model_container: 16
2025-12-30 07:22:21,070:INFO:_display_container: 2
2025-12-30 07:22:21,070:INFO:GradientBoostingRegressor(random_state=85)
2025-12-30 07:22:21,070:INFO:create_model() successfully completed......................................
2025-12-30 07:22:21,172:INFO:SubProcess create_model() end ==================================
2025-12-30 07:22:21,172:INFO:Creating metrics dataframe
2025-12-30 07:22:21,182:INFO:Initializing Extreme Gradient Boosting
2025-12-30 07:22:21,182:INFO:Total runtime is 0.1837976018587748 minutes
2025-12-30 07:22:21,186:INFO:SubProcess create_model() called ==================================
2025-12-30 07:22:21,186:INFO:Initializing create_model()
2025-12-30 07:22:21,187:INFO:create_model(self=<pycaret.regression.oop.RegressionExperiment object at 0x717b9dbe9a90>, estimator=xgboost, fold=KFold(n_splits=10, random_state=None, shuffle=False), round=4, cross_validation=True, predict=True, fit_kwargs={}, groups=None, refit=False, probability_threshold=None, experiment_custom_tags=None, verbose=False, system=False, add_to_model_list=True, metrics=None, display=<pycaret.internal.display.display.CommonDisplay object at 0x717b9c446b10>, model_only=True, return_train_score=False, error_score=0.0, kwargs={})
2025-12-30 07:22:21,187:INFO:Checking exceptions
2025-12-30 07:22:21,187:INFO:Importing libraries
2025-12-30 07:22:21,187:INFO:Copying training dataset
2025-12-30 07:22:21,191:INFO:Defining folds
2025-12-30 07:22:21,192:INFO:Declaring metric variables
2025-12-30 07:22:21,194:INFO:Importing untrained model
2025-12-30 07:22:21,198:INFO:Extreme Gradient Boosting Imported successfully
2025-12-30 07:22:21,204:INFO:Starting cross validation
2025-12-30 07:22:21,206:INFO:Cross validating with KFold(n_splits=10, random_state=None, shuffle=False), n_jobs=-1
2025-12-30 07:22:22,581:INFO:Calculating mean and std
2025-12-30 07:22:22,581:INFO:Creating metrics dataframe
2025-12-30 07:22:22,583:INFO:Uploading results into container
2025-12-30 07:22:22,583:INFO:Uploading model into container now
2025-12-30 07:22:22,583:INFO:_master_model_container: 17
2025-12-30 07:22:22,583:INFO:_display_container: 2
2025-12-30 07:22:22,584:INFO:XGBRegressor(base_score=None, booster='gbtree', callbacks=None,
             colsample_bylevel=None, colsample_bynode=None,
             colsample_bytree=None, early_stopping_rounds=None,
             enable_categorical=False, eval_metric=None, gamma=None,
             gpu_id=None, grow_policy=None, importance_type=None,
             interaction_constraints=None, learning_rate=None, max_bin=None,
             max_cat_to_onehot=None, max_delta_step=None, max_depth=None,
             max_leaves=None, min_child_weight=None, missing=nan,
             monotone_constraints=None, n_estimators=100, n_jobs=-1,
             num_parallel_tree=None, predictor=None, random_state=85,
             reg_alpha=None, reg_lambda=None, ...)
2025-12-30 07:22:22,584:INFO:create_model() successfully completed......................................
2025-12-30 07:22:22,693:INFO:SubProcess create_model() end ==================================
2025-12-30 07:22:22,693:INFO:Creating metrics dataframe
2025-12-30 07:22:22,703:INFO:Initializing Light Gradient Boosting Machine
2025-12-30 07:22:22,703:INFO:Total runtime is 0.2091530680656433 minutes
2025-12-30 07:22:22,707:INFO:SubProcess create_model() called ==================================
2025-12-30 07:22:22,708:INFO:Initializing create_model()
2025-12-30 07:22:22,708:INFO:create_model(self=<pycaret.regression.oop.RegressionExperiment object at 0x717b9dbe9a90>, estimator=lightgbm, fold=KFold(n_splits=10, random_state=None, shuffle=False), round=4, cross_validation=True, predict=True, fit_kwargs={}, groups=None, refit=False, probability_threshold=None, experiment_custom_tags=None, verbose=False, system=False, add_to_model_list=True, metrics=None, display=<pycaret.internal.display.display.CommonDisplay object at 0x717b9c446b10>, model_only=True, return_train_score=False, error_score=0.0, kwargs={})
2025-12-30 07:22:22,708:INFO:Checking exceptions
2025-12-30 07:22:22,708:INFO:Importing libraries
2025-12-30 07:22:22,708:INFO:Copying training dataset
2025-12-30 07:22:22,713:INFO:Defining folds
2025-12-30 07:22:22,713:INFO:Declaring metric variables
2025-12-30 07:22:22,716:INFO:Importing untrained model
2025-12-30 07:22:22,719:INFO:Light Gradient Boosting Machine Imported successfully
2025-12-30 07:22:22,725:INFO:Starting cross validation
2025-12-30 07:22:22,727:INFO:Cross validating with KFold(n_splits=10, random_state=None, shuffle=False), n_jobs=-1
2025-12-30 07:31:56,251:INFO:Calculating mean and std
2025-12-30 07:31:56,252:INFO:Creating metrics dataframe
2025-12-30 07:31:56,255:INFO:Uploading results into container
2025-12-30 07:31:56,255:INFO:Uploading model into container now
2025-12-30 07:31:56,256:INFO:_master_model_container: 18
2025-12-30 07:31:56,256:INFO:_display_container: 2
2025-12-30 07:31:56,256:INFO:LGBMRegressor(n_jobs=-1, random_state=85)
2025-12-30 07:31:56,256:INFO:create_model() successfully completed......................................
2025-12-30 07:31:56,359:INFO:SubProcess create_model() end ==================================
2025-12-30 07:31:56,359:INFO:Creating metrics dataframe
2025-12-30 07:31:56,369:INFO:Initializing Dummy Regressor
2025-12-30 07:31:56,370:INFO:Total runtime is 9.770254532496134 minutes
2025-12-30 07:31:56,373:INFO:SubProcess create_model() called ==================================
2025-12-30 07:31:56,374:INFO:Initializing create_model()
2025-12-30 07:31:56,374:INFO:create_model(self=<pycaret.regression.oop.RegressionExperiment object at 0x717b9dbe9a90>, estimator=dummy, fold=KFold(n_splits=10, random_state=None, shuffle=False), round=4, cross_validation=True, predict=True, fit_kwargs={}, groups=None, refit=False, probability_threshold=None, experiment_custom_tags=None, verbose=False, system=False, add_to_model_list=True, metrics=None, display=<pycaret.internal.display.display.CommonDisplay object at 0x717b9c446b10>, model_only=True, return_train_score=False, error_score=0.0, kwargs={})
2025-12-30 07:31:56,374:INFO:Checking exceptions
2025-12-30 07:31:56,374:INFO:Importing libraries
2025-12-30 07:31:56,374:INFO:Copying training dataset
2025-12-30 07:31:56,379:INFO:Defining folds
2025-12-30 07:31:56,379:INFO:Declaring metric variables
2025-12-30 07:31:56,382:INFO:Importing untrained model
2025-12-30 07:31:56,385:INFO:Dummy Regressor Imported successfully
2025-12-30 07:31:56,391:INFO:Starting cross validation
2025-12-30 07:31:56,392:INFO:Cross validating with KFold(n_splits=10, random_state=None, shuffle=False), n_jobs=-1
2025-12-30 07:31:56,554:INFO:Calculating mean and std
2025-12-30 07:31:56,555:INFO:Creating metrics dataframe
2025-12-30 07:31:56,556:INFO:Uploading results into container
2025-12-30 07:31:56,557:INFO:Uploading model into container now
2025-12-30 07:31:56,557:INFO:_master_model_container: 19
2025-12-30 07:31:56,557:INFO:_display_container: 2
2025-12-30 07:31:56,557:INFO:DummyRegressor()
2025-12-30 07:31:56,557:INFO:create_model() successfully completed......................................
2025-12-30 07:31:56,660:INFO:SubProcess create_model() end ==================================
2025-12-30 07:31:56,660:INFO:Creating metrics dataframe
2025-12-30 07:31:56,678:INFO:Initializing create_model()
2025-12-30 07:31:56,678:INFO:create_model(self=<pycaret.regression.oop.RegressionExperiment object at 0x717b9dbe9a90>, estimator=GradientBoostingRegressor(random_state=85), fold=KFold(n_splits=10, random_state=None, shuffle=False), round=4, cross_validation=False, predict=False, fit_kwargs={}, groups=None, refit=True, probability_threshold=None, experiment_custom_tags=None, verbose=False, system=False, add_to_model_list=True, metrics=None, display=None, model_only=True, return_train_score=False, error_score=0.0, kwargs={})
2025-12-30 07:31:56,678:INFO:Checking exceptions
2025-12-30 07:31:56,679:INFO:Importing libraries
2025-12-30 07:31:56,679:INFO:Copying training dataset
2025-12-30 07:31:56,683:INFO:Defining folds
2025-12-30 07:31:56,683:INFO:Declaring metric variables
2025-12-30 07:31:56,683:INFO:Importing untrained model
2025-12-30 07:31:56,683:INFO:Declaring custom model
2025-12-30 07:31:56,684:INFO:Gradient Boosting Regressor Imported successfully
2025-12-30 07:31:56,685:INFO:Cross validation set to False
2025-12-30 07:31:56,685:INFO:Fitting Model
2025-12-30 07:31:56,956:INFO:GradientBoostingRegressor(random_state=85)
2025-12-30 07:31:56,956:INFO:create_model() successfully completed......................................
2025-12-30 07:31:57,096:INFO:_master_model_container: 19
2025-12-30 07:31:57,096:INFO:_display_container: 2
2025-12-30 07:31:57,096:INFO:GradientBoostingRegressor(random_state=85)
2025-12-30 07:31:57,096:INFO:compare_models() successfully completed......................................
2025-12-30 07:32:28,092:INFO:Initializing create_model()
2025-12-30 07:32:28,093:INFO:create_model(self=<pycaret.regression.oop.RegressionExperiment object at 0x717b9dbe9a90>, estimator=xgboost, fold=None, round=4, cross_validation=True, predict=True, fit_kwargs=None, groups=None, refit=True, probability_threshold=None, experiment_custom_tags=None, verbose=True, system=True, add_to_model_list=True, metrics=None, display=None, model_only=True, return_train_score=False, error_score=0.0, kwargs={})
2025-12-30 07:32:28,093:INFO:Checking exceptions
2025-12-30 07:32:28,108:INFO:Importing libraries
2025-12-30 07:32:28,108:INFO:Copying training dataset
2025-12-30 07:32:28,115:INFO:Defining folds
2025-12-30 07:32:28,115:INFO:Declaring metric variables
2025-12-30 07:32:28,119:INFO:Importing untrained model
2025-12-30 07:32:28,123:INFO:Extreme Gradient Boosting Imported successfully
2025-12-30 07:32:28,131:INFO:Starting cross validation
2025-12-30 07:32:28,132:INFO:Cross validating with KFold(n_splits=10, random_state=None, shuffle=False), n_jobs=-1
2025-12-30 07:32:29,373:INFO:Calculating mean and std
2025-12-30 07:32:29,373:INFO:Creating metrics dataframe
2025-12-30 07:32:29,378:INFO:Finalizing model
2025-12-30 07:32:29,682:INFO:Uploading results into container
2025-12-30 07:32:29,682:INFO:Uploading model into container now
2025-12-30 07:32:29,689:INFO:_master_model_container: 20
2025-12-30 07:32:29,689:INFO:_display_container: 3
2025-12-30 07:32:29,692:INFO:XGBRegressor(base_score=0.5, booster='gbtree', callbacks=None,
             colsample_bylevel=1, colsample_bynode=1, colsample_bytree=1,
             early_stopping_rounds=None, enable_categorical=False,
             eval_metric=None, gamma=0, gpu_id=-1, grow_policy='depthwise',
             importance_type=None, interaction_constraints='',
             learning_rate=0.300000012, max_bin=256, max_cat_to_onehot=4,
             max_delta_step=0, max_depth=6, max_leaves=0, min_child_weight=1,
             missing=nan, monotone_constraints='()', n_estimators=100,
             n_jobs=-1, num_parallel_tree=1, predictor='auto', random_state=85,
             reg_alpha=0, reg_lambda=1, ...)
2025-12-30 07:32:29,692:INFO:create_model() successfully completed......................................
2025-12-30 07:32:37,262:INFO:Initializing interpret_model()
2025-12-30 07:32:37,262:INFO:interpret_model(self=<pycaret.regression.oop.RegressionExperiment object at 0x717b9dbe9a90>, estimator=XGBRegressor(base_score=0.5, booster='gbtree', callbacks=None,
             colsample_bylevel=1, colsample_bynode=1, colsample_bytree=1,
             early_stopping_rounds=None, enable_categorical=False,
             eval_metric=None, gamma=0, gpu_id=-1, grow_policy='depthwise',
             importance_type=None, interaction_constraints='',
             learning_rate=0.300000012, max_bin=256, max_cat_to_onehot=4,
             max_delta_step=0, max_depth=6, max_leaves=0, min_child_weight=1,
             missing=nan, monotone_constraints='()', n_estimators=100,
             n_jobs=-1, num_parallel_tree=1, predictor='auto', random_state=85,
             reg_alpha=0, reg_lambda=1, ...), plot=summary, feature=None, observation=None, use_train_data=False, X_new_sample=None, y_new_sample=None, save=False, kwargs={})
2025-12-30 07:32:37,262:INFO:Checking exceptions
2025-12-30 07:32:37,263:ERROR:
'shap' is a soft dependency and not included in the pycaret installation. Please run: `pip install shap` to install.
Alternately, you can install this by running `pip install pycaret[analysis]`
NoneType: None
2025-12-30 09:51:28,587:WARNING:
'cuml' is a soft dependency and not included in the pycaret installation. Please run: `pip install cuml` to install.
2025-12-30 09:51:28,587:WARNING:
'cuml' is a soft dependency and not included in the pycaret installation. Please run: `pip install cuml` to install.
2025-12-30 09:51:28,587:WARNING:
'cuml' is a soft dependency and not included in the pycaret installation. Please run: `pip install cuml` to install.
2025-12-30 09:51:28,587:WARNING:
'cuml' is a soft dependency and not included in the pycaret installation. Please run: `pip install cuml` to install.
2025-12-30 09:51:31,141:INFO:PyCaret RegressionExperiment
2025-12-30 09:51:31,141:INFO:Logging name: reg-default-name
2025-12-30 09:51:31,141:INFO:ML Usecase: MLUsecase.REGRESSION
2025-12-30 09:51:31,141:INFO:version 3.3.2
2025-12-30 09:51:31,141:INFO:Initializing setup()
2025-12-30 09:51:31,141:INFO:self.USI: 923b
2025-12-30 09:51:31,142:INFO:self._variable_keys: {'log_plots_param', 'X', '_available_plots', 'n_jobs_param', 'X_test', 'y', 'transform_target_param', '_ml_usecase', 'memory', 'data', 'USI', 'pipeline', 'exp_name_log', 'X_train', 'logging_param', 'seed', 'y_train', 'idx', 'fold_shuffle_param', 'fold_generator', 'y_test', 'exp_id', 'html_param', 'target_param', 'gpu_n_jobs_param', 'gpu_param', 'fold_groups_param'}
2025-12-30 09:51:31,142:INFO:Checking environment
2025-12-30 09:51:31,142:INFO:python_version: 3.11.14
2025-12-30 09:51:31,142:INFO:python_build: ('main', 'Dec 30 2025 00:42:31')
2025-12-30 09:51:31,142:INFO:machine: x86_64
2025-12-30 09:51:31,142:INFO:platform: Linux-6.14.0-37-generic-x86_64-with-glibc2.41
2025-12-30 09:51:31,142:INFO:Memory: svmem(total=16627441664, available=6126800896, percent=63.2, used=10500640768, free=380366848, active=2902810624, inactive=11516911616, buffers=431325184, cached=6665768960, shared=914984960, slab=1189920768)
2025-12-30 09:51:31,143:INFO:Physical Core: 4
2025-12-30 09:51:31,143:INFO:Logical Core: 8
2025-12-30 09:51:31,143:INFO:Checking libraries
2025-12-30 09:51:31,143:INFO:System:
2025-12-30 09:51:31,143:INFO:    python: 3.11.14 (main, Dec 30 2025, 00:42:31) [GCC 14.2.0]
2025-12-30 09:51:31,143:INFO:executable: /usr/local/bin/python3.11
2025-12-30 09:51:31,143:INFO:   machine: Linux-6.14.0-37-generic-x86_64-with-glibc2.41
2025-12-30 09:51:31,143:INFO:PyCaret required dependencies:
2025-12-30 09:51:31,655:INFO:                 pip: 24.0
2025-12-30 09:51:31,655:INFO:          setuptools: 79.0.1
2025-12-30 09:51:31,655:INFO:             pycaret: 3.3.2
2025-12-30 09:51:31,655:INFO:             IPython: 9.8.0
2025-12-30 09:51:31,655:INFO:          ipywidgets: 8.1.8
2025-12-30 09:51:31,655:INFO:                tqdm: 4.67.1
2025-12-30 09:51:31,655:INFO:               numpy: 1.26.4
2025-12-30 09:51:31,655:INFO:              pandas: 2.1.4
2025-12-30 09:51:31,655:INFO:              jinja2: 3.1.6
2025-12-30 09:51:31,655:INFO:               scipy: 1.11.4
2025-12-30 09:51:31,655:INFO:              joblib: 1.3.2
2025-12-30 09:51:31,655:INFO:             sklearn: 1.4.2
2025-12-30 09:51:31,655:INFO:                pyod: 2.0.6
2025-12-30 09:51:31,655:INFO:            imblearn: 0.14.1
2025-12-30 09:51:31,655:INFO:   category_encoders: 2.7.0
2025-12-30 09:51:31,655:INFO:            lightgbm: 4.6.0
2025-12-30 09:51:31,655:INFO:               numba: 0.62.1
2025-12-30 09:51:31,655:INFO:            requests: 2.32.5
2025-12-30 09:51:31,655:INFO:          matplotlib: 3.7.5
2025-12-30 09:51:31,655:INFO:          scikitplot: 0.3.7
2025-12-30 09:51:31,655:INFO:         yellowbrick: 1.5
2025-12-30 09:51:31,655:INFO:              plotly: 5.24.1
2025-12-30 09:51:31,655:INFO:    plotly-resampler: Not installed
2025-12-30 09:51:31,655:INFO:             kaleido: 1.2.0
2025-12-30 09:51:31,655:INFO:           schemdraw: 0.15
2025-12-30 09:51:31,655:INFO:         statsmodels: 0.14.6
2025-12-30 09:51:31,655:INFO:              sktime: 0.26.0
2025-12-30 09:51:31,655:INFO:               tbats: 1.1.3
2025-12-30 09:51:31,655:INFO:            pmdarima: 2.0.4
2025-12-30 09:51:31,655:INFO:              psutil: 7.2.1
2025-12-30 09:51:31,655:INFO:          markupsafe: 3.0.3
2025-12-30 09:51:31,655:INFO:             pickle5: Not installed
2025-12-30 09:51:31,655:INFO:         cloudpickle: 3.1.2
2025-12-30 09:51:31,656:INFO:         deprecation: 2.1.0
2025-12-30 09:51:31,656:INFO:              xxhash: 3.6.0
2025-12-30 09:51:31,656:INFO:           wurlitzer: 3.1.1
2025-12-30 09:51:31,656:INFO:PyCaret optional dependencies:
2025-12-30 09:51:34,011:INFO:                shap: 0.44.1
2025-12-30 09:51:34,011:INFO:           interpret: 0.7.3
2025-12-30 09:51:34,011:INFO:                umap: 0.5.7
2025-12-30 09:51:34,011:INFO:     ydata_profiling: 4.18.0
2025-12-30 09:51:34,011:INFO:  explainerdashboard: 0.5.1
2025-12-30 09:51:34,011:INFO:             autoviz: 0.1.905
2025-12-30 09:51:34,011:INFO:           fairlearn: 0.7.0
2025-12-30 09:51:34,011:INFO:          deepchecks: Not installed
2025-12-30 09:51:34,011:INFO:             xgboost: 1.6.2
2025-12-30 09:51:34,011:INFO:            catboost: 1.2.8
2025-12-30 09:51:34,011:INFO:              kmodes: 0.12.2
2025-12-30 09:51:34,011:INFO:             mlxtend: 0.23.4
2025-12-30 09:51:34,011:INFO:       statsforecast: 1.5.0
2025-12-30 09:51:34,011:INFO:        tune_sklearn: Not installed
2025-12-30 09:51:34,011:INFO:                 ray: Not installed
2025-12-30 09:51:34,012:INFO:            hyperopt: 0.2.7
2025-12-30 09:51:34,012:INFO:              optuna: 4.6.0
2025-12-30 09:51:34,012:INFO:               skopt: 0.10.2
2025-12-30 09:51:34,012:INFO:              mlflow: 3.8.1
2025-12-30 09:51:34,012:INFO:              gradio: 6.2.0
2025-12-30 09:51:34,012:INFO:             fastapi: 0.128.0
2025-12-30 09:51:34,012:INFO:             uvicorn: 0.40.0
2025-12-30 09:51:34,012:INFO:              m2cgen: 0.10.0
2025-12-30 09:51:34,012:INFO:           evidently: 0.4.40
2025-12-30 09:51:34,012:INFO:               fugue: 0.8.7
2025-12-30 09:51:34,012:INFO:           streamlit: Not installed
2025-12-30 09:51:34,012:INFO:             prophet: Not installed
2025-12-30 09:51:34,012:INFO:None
2025-12-30 09:51:34,012:INFO:Set up data.
2025-12-30 09:51:34,019:INFO:Set up folding strategy.
2025-12-30 09:51:34,019:INFO:Set up train/test split.
2025-12-30 09:51:34,022:INFO:Set up index.
2025-12-30 09:51:34,022:INFO:Assigning column types.
2025-12-30 09:51:34,025:INFO:Engine successfully changes for model 'lr' to 'sklearn'.
2025-12-30 09:51:34,025:INFO:Engine for model 'lasso' has not been set explicitly, hence returning None.
2025-12-30 09:51:34,029:INFO:Engine for model 'ridge' has not been set explicitly, hence returning None.
2025-12-30 09:51:34,034:INFO:Engine for model 'en' has not been set explicitly, hence returning None.
2025-12-30 09:51:34,087:INFO:Engine for model 'svm' has not been set explicitly, hence returning None.
2025-12-30 09:51:34,122:INFO:Engine for model 'knn' has not been set explicitly, hence returning None.
2025-12-30 09:51:34,122:INFO:Soft dependency imported: xgboost: 1.6.2
2025-12-30 09:51:34,124:INFO:Soft dependency imported: catboost: 1.2.8
2025-12-30 09:51:34,231:INFO:Engine for model 'lasso' has not been set explicitly, hence returning None.
2025-12-30 09:51:34,239:INFO:Engine for model 'ridge' has not been set explicitly, hence returning None.
2025-12-30 09:51:34,245:INFO:Engine for model 'en' has not been set explicitly, hence returning None.
2025-12-30 09:51:34,302:INFO:Engine for model 'svm' has not been set explicitly, hence returning None.
2025-12-30 09:51:34,356:INFO:Engine for model 'knn' has not been set explicitly, hence returning None.
2025-12-30 09:51:34,357:INFO:Soft dependency imported: xgboost: 1.6.2
2025-12-30 09:51:34,361:INFO:Soft dependency imported: catboost: 1.2.8
2025-12-30 09:51:34,361:INFO:Engine successfully changes for model 'lasso' to 'sklearn'.
2025-12-30 09:51:34,368:INFO:Engine for model 'ridge' has not been set explicitly, hence returning None.
2025-12-30 09:51:34,375:INFO:Engine for model 'en' has not been set explicitly, hence returning None.
2025-12-30 09:51:34,455:INFO:Engine for model 'svm' has not been set explicitly, hence returning None.
2025-12-30 09:51:34,508:INFO:Engine for model 'knn' has not been set explicitly, hence returning None.
2025-12-30 09:51:34,509:INFO:Soft dependency imported: xgboost: 1.6.2
2025-12-30 09:51:34,511:INFO:Soft dependency imported: catboost: 1.2.8
2025-12-30 09:51:34,518:INFO:Engine for model 'ridge' has not been set explicitly, hence returning None.
2025-12-30 09:51:34,525:INFO:Engine for model 'en' has not been set explicitly, hence returning None.
2025-12-30 09:51:34,607:INFO:Engine for model 'svm' has not been set explicitly, hence returning None.
2025-12-30 09:51:34,673:INFO:Engine for model 'knn' has not been set explicitly, hence returning None.
2025-12-30 09:51:34,674:INFO:Soft dependency imported: xgboost: 1.6.2
2025-12-30 09:51:34,678:INFO:Soft dependency imported: catboost: 1.2.8
2025-12-30 09:51:34,679:INFO:Engine successfully changes for model 'ridge' to 'sklearn'.
2025-12-30 09:51:34,692:INFO:Engine for model 'en' has not been set explicitly, hence returning None.
2025-12-30 09:51:34,780:INFO:Engine for model 'svm' has not been set explicitly, hence returning None.
2025-12-30 09:51:34,833:INFO:Engine for model 'knn' has not been set explicitly, hence returning None.
2025-12-30 09:51:34,834:INFO:Soft dependency imported: xgboost: 1.6.2
2025-12-30 09:51:34,838:INFO:Soft dependency imported: catboost: 1.2.8
2025-12-30 09:51:34,847:INFO:Engine for model 'en' has not been set explicitly, hence returning None.
2025-12-30 09:51:34,897:INFO:Engine for model 'svm' has not been set explicitly, hence returning None.
2025-12-30 09:51:34,941:INFO:Engine for model 'knn' has not been set explicitly, hence returning None.
2025-12-30 09:51:34,941:INFO:Soft dependency imported: xgboost: 1.6.2
2025-12-30 09:51:34,944:INFO:Soft dependency imported: catboost: 1.2.8
2025-12-30 09:51:34,945:INFO:Engine successfully changes for model 'en' to 'sklearn'.
2025-12-30 09:51:35,001:INFO:Engine for model 'svm' has not been set explicitly, hence returning None.
2025-12-30 09:51:35,038:INFO:Engine for model 'knn' has not been set explicitly, hence returning None.
2025-12-30 09:51:35,038:INFO:Soft dependency imported: xgboost: 1.6.2
2025-12-30 09:51:35,040:INFO:Soft dependency imported: catboost: 1.2.8
2025-12-30 09:51:35,113:INFO:Engine for model 'svm' has not been set explicitly, hence returning None.
2025-12-30 09:51:35,144:INFO:Engine for model 'knn' has not been set explicitly, hence returning None.
2025-12-30 09:51:35,145:INFO:Soft dependency imported: xgboost: 1.6.2
2025-12-30 09:51:35,146:INFO:Soft dependency imported: catboost: 1.2.8
2025-12-30 09:51:35,147:INFO:Engine successfully changes for model 'knn' to 'sklearn'.
2025-12-30 09:51:35,197:INFO:Engine for model 'svm' has not been set explicitly, hence returning None.
2025-12-30 09:51:35,232:INFO:Soft dependency imported: xgboost: 1.6.2
2025-12-30 09:51:35,234:INFO:Soft dependency imported: catboost: 1.2.8
2025-12-30 09:51:35,278:INFO:Engine for model 'svm' has not been set explicitly, hence returning None.
2025-12-30 09:51:35,307:INFO:Soft dependency imported: xgboost: 1.6.2
2025-12-30 09:51:35,309:INFO:Soft dependency imported: catboost: 1.2.8
2025-12-30 09:51:35,309:INFO:Engine successfully changes for model 'svm' to 'sklearn'.
2025-12-30 09:51:35,382:INFO:Soft dependency imported: xgboost: 1.6.2
2025-12-30 09:51:35,384:INFO:Soft dependency imported: catboost: 1.2.8
2025-12-30 09:51:35,458:INFO:Soft dependency imported: xgboost: 1.6.2
2025-12-30 09:51:35,460:INFO:Soft dependency imported: catboost: 1.2.8
2025-12-30 09:51:35,466:INFO:Preparing preprocessing pipeline...
2025-12-30 09:51:35,466:INFO:Set up simple imputation.
2025-12-30 09:51:35,468:INFO:Set up encoding of categorical features.
2025-12-30 09:51:35,528:INFO:Finished creating preprocessing pipeline.
2025-12-30 09:51:35,533:INFO:Pipeline: Pipeline(memory=FastMemory(location=/tmp/joblib),
         steps=[('numerical_imputer',
                 TransformerWrapper(include=['YearsCodePro'],
                                    transformer=SimpleImputer())),
                ('categorical_imputer',
                 TransformerWrapper(include=['Country', 'EdLevel'],
                                    transformer=SimpleImputer(strategy='most_frequent'))),
                ('onehot_encoding',
                 TransformerWrapper(include=['EdLevel'],
                                    transformer=OneHotEncoder(cols=['EdLevel'],
                                                              handle_missing='return_nan',
                                                              use_cat_names=True))),
                ('rest_encoding',
                 TransformerWrapper(include=['Country'],
                                    transformer=TargetEncoder(cols=['Country'],
                                                              handle_missing='return_nan')))])
2025-12-30 09:51:35,533:INFO:Creating final display dataframe.
2025-12-30 09:51:35,667:INFO:Setup _display_container:                     Description             Value
0                    Session id                85
1                        Target            Salary
2                   Target type        Regression
3           Original data shape        (13733, 4)
4        Transformed data shape        (13733, 7)
5   Transformed train set shape         (9613, 7)
6    Transformed test set shape         (4120, 7)
7              Numeric features                 1
8          Categorical features                 2
9                    Preprocess              True
10              Imputation type            simple
11           Numeric imputation              mean
12       Categorical imputation              mode
13     Maximum one-hot encoding                25
14              Encoding method              None
15               Fold Generator             KFold
16                  Fold Number                10
17                     CPU Jobs                -1
18                      Use GPU             False
19               Log Experiment             False
20              Experiment Name  reg-default-name
21                          USI              923b
2025-12-30 09:51:35,760:INFO:Soft dependency imported: xgboost: 1.6.2
2025-12-30 09:51:35,762:INFO:Soft dependency imported: catboost: 1.2.8
2025-12-30 09:51:35,848:INFO:Soft dependency imported: xgboost: 1.6.2
2025-12-30 09:51:35,850:INFO:Soft dependency imported: catboost: 1.2.8
2025-12-30 09:51:35,851:INFO:setup() successfully completed in 4.72s...............
2025-12-30 09:51:43,139:INFO:Initializing create_model()
2025-12-30 09:51:43,139:INFO:create_model(self=<pycaret.regression.oop.RegressionExperiment object at 0x7ba678d84610>, estimator=xgboost, fold=None, round=4, cross_validation=True, predict=True, fit_kwargs=None, groups=None, refit=True, probability_threshold=None, experiment_custom_tags=None, verbose=True, system=True, add_to_model_list=True, metrics=None, display=None, model_only=True, return_train_score=False, error_score=0.0, kwargs={})
2025-12-30 09:51:43,139:INFO:Checking exceptions
2025-12-30 09:51:43,157:INFO:Importing libraries
2025-12-30 09:51:43,157:INFO:Copying training dataset
2025-12-30 09:51:43,163:INFO:Defining folds
2025-12-30 09:51:43,163:INFO:Declaring metric variables
2025-12-30 09:51:43,167:INFO:Importing untrained model
2025-12-30 09:51:43,171:INFO:Extreme Gradient Boosting Imported successfully
2025-12-30 09:51:43,179:INFO:Starting cross validation
2025-12-30 09:51:43,185:INFO:Cross validating with KFold(n_splits=10, random_state=None, shuffle=False), n_jobs=-1
2025-12-30 09:51:48,479:INFO:Calculating mean and std
2025-12-30 09:51:48,481:INFO:Creating metrics dataframe
2025-12-30 09:51:48,489:INFO:Finalizing model
2025-12-30 09:51:48,787:INFO:Uploading results into container
2025-12-30 09:51:48,788:INFO:Uploading model into container now
2025-12-30 09:51:48,795:INFO:_master_model_container: 1
2025-12-30 09:51:48,796:INFO:_display_container: 2
2025-12-30 09:51:48,799:INFO:XGBRegressor(base_score=0.5, booster='gbtree', callbacks=None,
             colsample_bylevel=1, colsample_bynode=1, colsample_bytree=1,
             early_stopping_rounds=None, enable_categorical=False,
             eval_metric=None, gamma=0, gpu_id=-1, grow_policy='depthwise',
             importance_type=None, interaction_constraints='',
             learning_rate=0.300000012, max_bin=256, max_cat_to_onehot=4,
             max_delta_step=0, max_depth=6, max_leaves=0, min_child_weight=1,
             missing=nan, monotone_constraints='()', n_estimators=100,
             n_jobs=-1, num_parallel_tree=1, predictor='auto', random_state=85,
             reg_alpha=0, reg_lambda=1, ...)
2025-12-30 09:51:48,799:INFO:create_model() successfully completed......................................
2025-12-30 09:51:51,562:INFO:Initializing interpret_model()
2025-12-30 09:51:51,562:INFO:interpret_model(self=<pycaret.regression.oop.RegressionExperiment object at 0x7ba678d84610>, estimator=XGBRegressor(base_score=0.5, booster='gbtree', callbacks=None,
             colsample_bylevel=1, colsample_bynode=1, colsample_bytree=1,
             early_stopping_rounds=None, enable_categorical=False,
             eval_metric=None, gamma=0, gpu_id=-1, grow_policy='depthwise',
             importance_type=None, interaction_constraints='',
             learning_rate=0.300000012, max_bin=256, max_cat_to_onehot=4,
             max_delta_step=0, max_depth=6, max_leaves=0, min_child_weight=1,
             missing=nan, monotone_constraints='()', n_estimators=100,
             n_jobs=-1, num_parallel_tree=1, predictor='auto', random_state=85,
             reg_alpha=0, reg_lambda=1, ...), plot=summary, feature=None, observation=None, use_train_data=False, X_new_sample=None, y_new_sample=None, save=False, kwargs={})
2025-12-30 09:51:51,562:INFO:Checking exceptions
2025-12-30 09:51:51,562:INFO:Soft dependency imported: shap: 0.44.1
2025-12-30 09:51:51,611:INFO:plot type: summary
2025-12-30 09:51:51,611:INFO:Creating TreeExplainer
2025-12-30 09:51:51,689:INFO:Compiling shap values
2025-12-30 09:51:52,568:INFO:Visual Rendered Successfully
2025-12-30 09:51:52,568:INFO:interpret_model() successfully completed......................................
2025-12-30 10:11:26,532:WARNING:
'cuml' is a soft dependency and not included in the pycaret installation. Please run: `pip install cuml` to install.
2025-12-30 10:11:26,532:WARNING:
'cuml' is a soft dependency and not included in the pycaret installation. Please run: `pip install cuml` to install.
2025-12-30 10:11:26,532:WARNING:
'cuml' is a soft dependency and not included in the pycaret installation. Please run: `pip install cuml` to install.
2025-12-30 10:11:26,532:WARNING:
'cuml' is a soft dependency and not included in the pycaret installation. Please run: `pip install cuml` to install.
2025-12-30 10:11:28,673:INFO:PyCaret RegressionExperiment
2025-12-30 10:11:28,674:INFO:Logging name: reg-default-name
2025-12-30 10:11:28,674:INFO:ML Usecase: MLUsecase.REGRESSION
2025-12-30 10:11:28,674:INFO:version 3.3.2
2025-12-30 10:11:28,674:INFO:Initializing setup()
2025-12-30 10:11:28,674:INFO:self.USI: 3537
2025-12-30 10:11:28,674:INFO:self._variable_keys: {'target_param', 'seed', 'exp_id', '_available_plots', '_ml_usecase', 'n_jobs_param', 'X_train', 'y_test', 'gpu_n_jobs_param', 'memory', 'X_test', 'exp_name_log', 'log_plots_param', 'X', 'logging_param', 'html_param', 'data', 'fold_groups_param', 'transform_target_param', 'y', 'fold_shuffle_param', 'pipeline', 'y_train', 'idx', 'gpu_param', 'USI', 'fold_generator'}
2025-12-30 10:11:28,674:INFO:Checking environment
2025-12-30 10:11:28,674:INFO:python_version: 3.11.14
2025-12-30 10:11:28,674:INFO:python_build: ('main', 'Dec 30 2025 00:42:31')
2025-12-30 10:11:28,674:INFO:machine: x86_64
2025-12-30 10:11:28,674:INFO:platform: Linux-6.14.0-37-generic-x86_64-with-glibc2.41
2025-12-30 10:11:28,674:INFO:Memory: svmem(total=16627441664, available=5533134848, percent=66.7, used=11094306816, free=459943936, active=4521906176, inactive=9765810176, buffers=230801408, cached=6426206208, shared=922820608, slab=1323991040)
2025-12-30 10:11:28,676:INFO:Physical Core: 4
2025-12-30 10:11:28,676:INFO:Logical Core: 8
2025-12-30 10:11:28,676:INFO:Checking libraries
2025-12-30 10:11:28,676:INFO:System:
2025-12-30 10:11:28,676:INFO:    python: 3.11.14 (main, Dec 30 2025, 00:42:31) [GCC 14.2.0]
2025-12-30 10:11:28,677:INFO:executable: /usr/local/bin/python3.11
2025-12-30 10:11:28,677:INFO:   machine: Linux-6.14.0-37-generic-x86_64-with-glibc2.41
2025-12-30 10:11:28,677:INFO:PyCaret required dependencies:
2025-12-30 10:11:29,244:INFO:                 pip: 24.0
2025-12-30 10:11:29,244:INFO:          setuptools: 79.0.1
2025-12-30 10:11:29,245:INFO:             pycaret: 3.3.2
2025-12-30 10:11:29,245:INFO:             IPython: 9.8.0
2025-12-30 10:11:29,245:INFO:          ipywidgets: 8.1.8
2025-12-30 10:11:29,245:INFO:                tqdm: 4.67.1
2025-12-30 10:11:29,245:INFO:               numpy: 1.26.4
2025-12-30 10:11:29,245:INFO:              pandas: 2.1.4
2025-12-30 10:11:29,245:INFO:              jinja2: 3.1.6
2025-12-30 10:11:29,245:INFO:               scipy: 1.11.4
2025-12-30 10:11:29,245:INFO:              joblib: 1.3.2
2025-12-30 10:11:29,245:INFO:             sklearn: 1.4.2
2025-12-30 10:11:29,245:INFO:                pyod: 2.0.6
2025-12-30 10:11:29,245:INFO:            imblearn: 0.14.1
2025-12-30 10:11:29,245:INFO:   category_encoders: 2.7.0
2025-12-30 10:11:29,245:INFO:            lightgbm: 4.6.0
2025-12-30 10:11:29,245:INFO:               numba: 0.62.1
2025-12-30 10:11:29,245:INFO:            requests: 2.32.5
2025-12-30 10:11:29,245:INFO:          matplotlib: 3.7.5
2025-12-30 10:11:29,245:INFO:          scikitplot: 0.3.7
2025-12-30 10:11:29,245:INFO:         yellowbrick: 1.5
2025-12-30 10:11:29,245:INFO:              plotly: 5.24.1
2025-12-30 10:11:29,245:INFO:    plotly-resampler: Not installed
2025-12-30 10:11:29,245:INFO:             kaleido: 1.2.0
2025-12-30 10:11:29,245:INFO:           schemdraw: 0.15
2025-12-30 10:11:29,245:INFO:         statsmodels: 0.14.6
2025-12-30 10:11:29,245:INFO:              sktime: 0.26.0
2025-12-30 10:11:29,245:INFO:               tbats: 1.1.3
2025-12-30 10:11:29,245:INFO:            pmdarima: 2.0.4
2025-12-30 10:11:29,245:INFO:              psutil: 7.2.1
2025-12-30 10:11:29,245:INFO:          markupsafe: 3.0.3
2025-12-30 10:11:29,245:INFO:             pickle5: Not installed
2025-12-30 10:11:29,245:INFO:         cloudpickle: 3.1.2
2025-12-30 10:11:29,245:INFO:         deprecation: 2.1.0
2025-12-30 10:11:29,245:INFO:              xxhash: 3.6.0
2025-12-30 10:11:29,245:INFO:           wurlitzer: 3.1.1
2025-12-30 10:11:29,245:INFO:PyCaret optional dependencies:
2025-12-30 10:11:31,630:INFO:                shap: 0.44.1
2025-12-30 10:11:31,630:INFO:           interpret: 0.7.3
2025-12-30 10:11:31,630:INFO:                umap: 0.5.7
2025-12-30 10:11:31,630:INFO:     ydata_profiling: 4.18.0
2025-12-30 10:11:31,630:INFO:  explainerdashboard: 0.5.1
2025-12-30 10:11:31,630:INFO:             autoviz: 0.1.905
2025-12-30 10:11:31,630:INFO:           fairlearn: 0.7.0
2025-12-30 10:11:31,630:INFO:          deepchecks: Not installed
2025-12-30 10:11:31,630:INFO:             xgboost: 1.6.2
2025-12-30 10:11:31,630:INFO:            catboost: 1.2.8
2025-12-30 10:11:31,630:INFO:              kmodes: 0.12.2
2025-12-30 10:11:31,630:INFO:             mlxtend: 0.23.4
2025-12-30 10:11:31,630:INFO:       statsforecast: 1.5.0
2025-12-30 10:11:31,630:INFO:        tune_sklearn: Not installed
2025-12-30 10:11:31,630:INFO:                 ray: Not installed
2025-12-30 10:11:31,630:INFO:            hyperopt: 0.2.7
2025-12-30 10:11:31,630:INFO:              optuna: 4.6.0
2025-12-30 10:11:31,630:INFO:               skopt: 0.10.2
2025-12-30 10:11:31,630:INFO:              mlflow: 3.8.1
2025-12-30 10:11:31,630:INFO:              gradio: 6.2.0
2025-12-30 10:11:31,630:INFO:             fastapi: 0.128.0
2025-12-30 10:11:31,630:INFO:             uvicorn: 0.40.0
2025-12-30 10:11:31,631:INFO:              m2cgen: 0.10.0
2025-12-30 10:11:31,631:INFO:           evidently: 0.4.40
2025-12-30 10:11:31,631:INFO:               fugue: 0.8.7
2025-12-30 10:11:31,631:INFO:           streamlit: Not installed
2025-12-30 10:11:31,631:INFO:             prophet: Not installed
2025-12-30 10:11:31,631:INFO:None
2025-12-30 10:11:31,631:INFO:Set up data.
2025-12-30 10:11:31,636:INFO:Set up folding strategy.
2025-12-30 10:11:31,636:INFO:Set up train/test split.
2025-12-30 10:11:31,639:INFO:Set up index.
2025-12-30 10:11:31,640:INFO:Assigning column types.
2025-12-30 10:11:31,643:INFO:Engine successfully changes for model 'lr' to 'sklearn'.
2025-12-30 10:11:31,643:INFO:Engine for model 'lasso' has not been set explicitly, hence returning None.
2025-12-30 10:11:31,646:INFO:Engine for model 'ridge' has not been set explicitly, hence returning None.
2025-12-30 10:11:31,650:INFO:Engine for model 'en' has not been set explicitly, hence returning None.
2025-12-30 10:11:31,689:INFO:Engine for model 'svm' has not been set explicitly, hence returning None.
2025-12-30 10:11:31,719:INFO:Engine for model 'knn' has not been set explicitly, hence returning None.
2025-12-30 10:11:31,720:INFO:Soft dependency imported: xgboost: 1.6.2
2025-12-30 10:11:31,722:INFO:Soft dependency imported: catboost: 1.2.8
2025-12-30 10:11:31,748:INFO:Engine for model 'lasso' has not been set explicitly, hence returning None.
2025-12-30 10:11:31,751:INFO:Engine for model 'ridge' has not been set explicitly, hence returning None.
2025-12-30 10:11:31,754:INFO:Engine for model 'en' has not been set explicitly, hence returning None.
2025-12-30 10:11:31,793:INFO:Engine for model 'svm' has not been set explicitly, hence returning None.
2025-12-30 10:11:31,823:INFO:Engine for model 'knn' has not been set explicitly, hence returning None.
2025-12-30 10:11:31,823:INFO:Soft dependency imported: xgboost: 1.6.2
2025-12-30 10:11:31,825:INFO:Soft dependency imported: catboost: 1.2.8
2025-12-30 10:11:31,825:INFO:Engine successfully changes for model 'lasso' to 'sklearn'.
2025-12-30 10:11:31,829:INFO:Engine for model 'ridge' has not been set explicitly, hence returning None.
2025-12-30 10:11:31,832:INFO:Engine for model 'en' has not been set explicitly, hence returning None.
2025-12-30 10:11:31,870:INFO:Engine for model 'svm' has not been set explicitly, hence returning None.
2025-12-30 10:11:31,900:INFO:Engine for model 'knn' has not been set explicitly, hence returning None.
2025-12-30 10:11:31,900:INFO:Soft dependency imported: xgboost: 1.6.2
2025-12-30 10:11:31,902:INFO:Soft dependency imported: catboost: 1.2.8
2025-12-30 10:11:31,905:INFO:Engine for model 'ridge' has not been set explicitly, hence returning None.
2025-12-30 10:11:31,908:INFO:Engine for model 'en' has not been set explicitly, hence returning None.
2025-12-30 10:11:31,947:INFO:Engine for model 'svm' has not been set explicitly, hence returning None.
2025-12-30 10:11:31,977:INFO:Engine for model 'knn' has not been set explicitly, hence returning None.
2025-12-30 10:11:31,977:INFO:Soft dependency imported: xgboost: 1.6.2
2025-12-30 10:11:31,979:INFO:Soft dependency imported: catboost: 1.2.8
2025-12-30 10:11:31,979:INFO:Engine successfully changes for model 'ridge' to 'sklearn'.
2025-12-30 10:11:31,985:INFO:Engine for model 'en' has not been set explicitly, hence returning None.
2025-12-30 10:11:32,024:INFO:Engine for model 'svm' has not been set explicitly, hence returning None.
2025-12-30 10:11:32,053:INFO:Engine for model 'knn' has not been set explicitly, hence returning None.
2025-12-30 10:11:32,054:INFO:Soft dependency imported: xgboost: 1.6.2
2025-12-30 10:11:32,056:INFO:Soft dependency imported: catboost: 1.2.8
2025-12-30 10:11:32,062:INFO:Engine for model 'en' has not been set explicitly, hence returning None.
2025-12-30 10:11:32,100:INFO:Engine for model 'svm' has not been set explicitly, hence returning None.
2025-12-30 10:11:32,129:INFO:Engine for model 'knn' has not been set explicitly, hence returning None.
2025-12-30 10:11:32,129:INFO:Soft dependency imported: xgboost: 1.6.2
2025-12-30 10:11:32,131:INFO:Soft dependency imported: catboost: 1.2.8
2025-12-30 10:11:32,132:INFO:Engine successfully changes for model 'en' to 'sklearn'.
2025-12-30 10:11:32,176:INFO:Engine for model 'svm' has not been set explicitly, hence returning None.
2025-12-30 10:11:32,206:INFO:Engine for model 'knn' has not been set explicitly, hence returning None.
2025-12-30 10:11:32,206:INFO:Soft dependency imported: xgboost: 1.6.2
2025-12-30 10:11:32,208:INFO:Soft dependency imported: catboost: 1.2.8
2025-12-30 10:11:32,253:INFO:Engine for model 'svm' has not been set explicitly, hence returning None.
2025-12-30 10:11:32,283:INFO:Engine for model 'knn' has not been set explicitly, hence returning None.
2025-12-30 10:11:32,283:INFO:Soft dependency imported: xgboost: 1.6.2
2025-12-30 10:11:32,285:INFO:Soft dependency imported: catboost: 1.2.8
2025-12-30 10:11:32,285:INFO:Engine successfully changes for model 'knn' to 'sklearn'.
2025-12-30 10:11:32,329:INFO:Engine for model 'svm' has not been set explicitly, hence returning None.
2025-12-30 10:11:32,359:INFO:Soft dependency imported: xgboost: 1.6.2
2025-12-30 10:11:32,361:INFO:Soft dependency imported: catboost: 1.2.8
2025-12-30 10:11:32,405:INFO:Engine for model 'svm' has not been set explicitly, hence returning None.
2025-12-30 10:11:32,432:INFO:Soft dependency imported: xgboost: 1.6.2
2025-12-30 10:11:32,434:INFO:Soft dependency imported: catboost: 1.2.8
2025-12-30 10:11:32,434:INFO:Engine successfully changes for model 'svm' to 'sklearn'.
2025-12-30 10:11:32,508:INFO:Soft dependency imported: xgboost: 1.6.2
2025-12-30 10:11:32,510:INFO:Soft dependency imported: catboost: 1.2.8
2025-12-30 10:11:32,585:INFO:Soft dependency imported: xgboost: 1.6.2
2025-12-30 10:11:32,587:INFO:Soft dependency imported: catboost: 1.2.8
2025-12-30 10:11:32,588:INFO:Preparing preprocessing pipeline...
2025-12-30 10:11:32,588:INFO:Set up simple imputation.
2025-12-30 10:11:32,590:INFO:Set up encoding of categorical features.
2025-12-30 10:11:32,649:INFO:Finished creating preprocessing pipeline.
2025-12-30 10:11:32,655:INFO:Pipeline: Pipeline(memory=FastMemory(location=/tmp/joblib),
         steps=[('numerical_imputer',
                 TransformerWrapper(include=['YearsCodePro'],
                                    transformer=SimpleImputer())),
                ('categorical_imputer',
                 TransformerWrapper(include=['Country', 'EdLevel'],
                                    transformer=SimpleImputer(strategy='most_frequent'))),
                ('onehot_encoding',
                 TransformerWrapper(include=['EdLevel'],
                                    transformer=OneHotEncoder(cols=['EdLevel'],
                                                              handle_missing='return_nan',
                                                              use_cat_names=True))),
                ('rest_encoding',
                 TransformerWrapper(include=['Country'],
                                    transformer=TargetEncoder(cols=['Country'],
                                                              handle_missing='return_nan')))])
2025-12-30 10:11:32,655:INFO:Creating final display dataframe.
2025-12-30 10:11:32,787:INFO:Setup _display_container:                     Description             Value
0                    Session id                85
1                        Target            Salary
2                   Target type        Regression
3           Original data shape        (13733, 4)
4        Transformed data shape        (13733, 7)
5   Transformed train set shape         (9613, 7)
6    Transformed test set shape         (4120, 7)
7              Numeric features                 1
8          Categorical features                 2
9                    Preprocess              True
10              Imputation type            simple
11           Numeric imputation              mean
12       Categorical imputation              mode
13     Maximum one-hot encoding                25
14              Encoding method              None
15               Fold Generator             KFold
16                  Fold Number                10
17                     CPU Jobs                -1
18                      Use GPU             False
19               Log Experiment             False
20              Experiment Name  reg-default-name
21                          USI              3537
2025-12-30 10:11:32,876:INFO:Soft dependency imported: xgboost: 1.6.2
2025-12-30 10:11:32,878:INFO:Soft dependency imported: catboost: 1.2.8
2025-12-30 10:11:32,957:INFO:Soft dependency imported: xgboost: 1.6.2
2025-12-30 10:11:32,958:INFO:Soft dependency imported: catboost: 1.2.8
2025-12-30 10:11:32,959:INFO:setup() successfully completed in 4.29s...............
2025-12-30 10:11:49,872:INFO:Initializing create_model()
2025-12-30 10:11:49,873:INFO:create_model(self=<pycaret.regression.oop.RegressionExperiment object at 0x71fd9824cad0>, estimator=xgboost, fold=None, round=4, cross_validation=True, predict=True, fit_kwargs=None, groups=None, refit=True, probability_threshold=None, experiment_custom_tags=None, verbose=True, system=True, add_to_model_list=True, metrics=None, display=None, model_only=True, return_train_score=False, error_score=0.0, kwargs={})
2025-12-30 10:11:49,874:INFO:Checking exceptions
2025-12-30 10:11:49,900:INFO:Importing libraries
2025-12-30 10:11:49,900:INFO:Copying training dataset
2025-12-30 10:11:49,907:INFO:Defining folds
2025-12-30 10:11:49,907:INFO:Declaring metric variables
2025-12-30 10:11:49,911:INFO:Importing untrained model
2025-12-30 10:11:49,918:INFO:Extreme Gradient Boosting Imported successfully
2025-12-30 10:11:49,928:INFO:Starting cross validation
2025-12-30 10:11:49,933:INFO:Cross validating with KFold(n_splits=10, random_state=None, shuffle=False), n_jobs=-1
2025-12-30 10:11:54,922:INFO:Calculating mean and std
2025-12-30 10:11:54,923:INFO:Creating metrics dataframe
2025-12-30 10:11:54,929:INFO:Finalizing model
2025-12-30 10:11:55,223:INFO:Uploading results into container
2025-12-30 10:11:55,224:INFO:Uploading model into container now
2025-12-30 10:11:55,231:INFO:_master_model_container: 1
2025-12-30 10:11:55,231:INFO:_display_container: 2
2025-12-30 10:11:55,234:INFO:XGBRegressor(base_score=0.5, booster='gbtree', callbacks=None,
             colsample_bylevel=1, colsample_bynode=1, colsample_bytree=1,
             early_stopping_rounds=None, enable_categorical=False,
             eval_metric=None, gamma=0, gpu_id=-1, grow_policy='depthwise',
             importance_type=None, interaction_constraints='',
             learning_rate=0.300000012, max_bin=256, max_cat_to_onehot=4,
             max_delta_step=0, max_depth=6, max_leaves=0, min_child_weight=1,
             missing=nan, monotone_constraints='()', n_estimators=100,
             n_jobs=-1, num_parallel_tree=1, predictor='auto', random_state=85,
             reg_alpha=0, reg_lambda=1, ...)
2025-12-30 10:11:55,234:INFO:create_model() successfully completed......................................
2025-12-30 10:11:58,397:INFO:Initializing interpret_model()
2025-12-30 10:11:58,397:INFO:interpret_model(self=<pycaret.regression.oop.RegressionExperiment object at 0x71fd9824cad0>, estimator=XGBRegressor(base_score=0.5, booster='gbtree', callbacks=None,
             colsample_bylevel=1, colsample_bynode=1, colsample_bytree=1,
             early_stopping_rounds=None, enable_categorical=False,
             eval_metric=None, gamma=0, gpu_id=-1, grow_policy='depthwise',
             importance_type=None, interaction_constraints='',
             learning_rate=0.300000012, max_bin=256, max_cat_to_onehot=4,
             max_delta_step=0, max_depth=6, max_leaves=0, min_child_weight=1,
             missing=nan, monotone_constraints='()', n_estimators=100,
             n_jobs=-1, num_parallel_tree=1, predictor='auto', random_state=85,
             reg_alpha=0, reg_lambda=1, ...), plot=summary, feature=None, observation=None, use_train_data=False, X_new_sample=None, y_new_sample=None, save=False, kwargs={})
2025-12-30 10:11:58,397:INFO:Checking exceptions
2025-12-30 10:11:58,397:INFO:Soft dependency imported: shap: 0.44.1
2025-12-30 10:11:58,449:INFO:plot type: summary
2025-12-30 10:11:58,449:INFO:Creating TreeExplainer
2025-12-30 10:11:58,532:INFO:Compiling shap values
2025-12-30 10:11:59,476:INFO:Visual Rendered Successfully
2025-12-30 10:11:59,476:INFO:interpret_model() successfully completed......................................
